2025-01-03 13:30:01,817 - INFO - CommandHub cog loaded successfully
2025-01-03 13:33:31,758 - INFO - CommandHub cog loaded successfully
2025-01-03 13:43:05,101 - INFO - CommandHub cog loaded successfully
2025-01-03 13:53:16,318 - INFO - CommandHub cog loaded successfully
2025-01-03 13:56:45,719 - INFO - CommandHub cog loaded successfully
2025-01-03 13:57:06,231 - ERROR - Error executing command profile: ProfileCog.profile() missing 1 required positional argument: 'interaction'
2025-01-03 14:00:47,192 - INFO - CommandHub cog loaded successfully
2025-01-03 14:01:05,573 - ERROR - Error executing command profile: Command 'profile' not found in any loaded cogs.
2025-01-03 14:01:05,761 - ERROR - Error executing command profile: Command 'profile' not found in any loaded cogs.
2025-01-03 14:02:11,178 - INFO - CommandHub cog loaded successfully
2025-01-03 14:02:27,081 - ERROR - Error executing command profile: Command 'profile' not found in any loaded cogs.
2025-01-03 14:02:27,295 - ERROR - Error executing command profile: Command 'profile' not found in any loaded cogs.
2025-01-03 14:12:54,343 - INFO - CommandHub cog loaded successfully
2025-01-03 14:13:12,932 - INFO - Attempting to execute command: profile
2025-01-03 14:13:12,932 - INFO - Available kwargs: {}
2025-01-03 14:13:12,932 - INFO - Available Cogs:
2025-01-03 14:13:12,933 - INFO - - Cog Name: OnboardingCog
2025-01-03 14:13:12,933 - INFO -   Cog Type: <class 'cogs.onboarding.OnboardingCog'>
2025-01-03 14:13:12,933 - INFO -   Potential Command Methods: ['cog_app_command_error', 'handle_onboarding_start', 'interaction_check']
2025-01-03 14:13:12,933 - INFO - - Cog Name: AARCog
2025-01-03 14:13:12,933 - INFO -   Cog Type: <class 'cogs.aar.AARCog'>
2025-01-03 14:13:12,934 - INFO -   Potential Command Methods: ['__discord_app_commands_error_handler__', 'cog_app_command_error', 'interaction_check', 'mission_name_autocomplete']
2025-01-03 14:13:12,934 - INFO - - Cog Name: BankingCog
2025-01-03 14:13:12,934 - INFO -   Cog Type: <class 'cogs.banking.BankingCog'>
2025-01-03 14:13:12,934 - INFO -   Potential Command Methods: ['__discord_app_commands_error_handler__', 'career_autocomplete', 'cog_app_command_error', 'interaction_check']
2025-01-03 14:13:12,934 - INFO - - Cog Name: AdministrationCog
2025-01-03 14:13:12,934 - INFO -   Cog Type: <class 'cogs.administration.AdministrationCog'>
2025-01-03 14:13:12,935 - INFO -   Potential Command Methods: ['__discord_app_commands_error_handler__', 'certification_autocomplete', 'cog_app_command_error', 'division_autocomplete', 'interaction_check', 'promote_member', 'rank_autocomplete', 'review_promotion_aar_id_autocomplete', 'review_promotion_reason_autocomplete', 'review_promotion_user_id_autocomplete', 'specialization_autocomplete']
2025-01-03 14:13:12,935 - INFO - - Cog Name: FunCog
2025-01-03 14:13:12,935 - INFO -   Cog Type: <class 'cogs.fun.FunCog'>
2025-01-03 14:13:12,935 - INFO -   Potential Command Methods: ['cog_app_command_error', 'interaction_check']
2025-01-03 14:13:12,935 - INFO - - Cog Name: NewsUpdaterCog
2025-01-03 14:13:12,936 - INFO -   Cog Type: <class 'cogs.news_updater.NewsUpdaterCog'>
2025-01-03 14:13:12,936 - INFO -   Potential Command Methods: ['cog_app_command_error', 'interaction_check']
2025-01-03 14:13:12,937 - INFO - - Cog Name: PayoutsCog
2025-01-03 14:13:12,937 - INFO -   Cog Type: <class 'cogs.payouts.PayoutsCog'>
2025-01-03 14:13:12,937 - INFO -   Potential Command Methods: ['cog_app_command_error', 'interaction_check']
2025-01-03 14:13:12,937 - INFO - - Cog Name: ProfileCog
2025-01-03 14:13:12,938 - INFO -   Cog Type: <class 'cogs.profile.ProfileCog'>
2025-01-03 14:13:12,938 - INFO -   Potential Command Methods: ['award_autocomplete', 'award_error', 'cog_app_command_error', 'interaction_check']
2025-01-03 14:13:12,938 - INFO - - Cog Name: RadioCog
2025-01-03 14:13:12,938 - INFO -   Cog Type: <class 'cogs.radio.RadioCog'>
2025-01-03 14:13:12,938 - INFO -   Potential Command Methods: ['cog_app_command_error', 'interaction_check', 'station_autocomplete']
2025-01-03 14:13:12,939 - INFO - - Cog Name: RaidProtectionCog
2025-01-03 14:13:12,939 - INFO -   Cog Type: <class 'cogs.raid_protection.RaidProtectionCog'>
2025-01-03 14:13:12,940 - INFO -   Potential Command Methods: ['cog_app_command_error', 'interaction_check']
2025-01-03 14:13:12,940 - INFO - - Cog Name: WelcomeCog
2025-01-03 14:13:12,941 - INFO -   Cog Type: <class 'cogs.welcome.WelcomeCog'>
2025-01-03 14:13:12,941 - INFO -   Potential Command Methods: ['cog_app_command_error', 'interaction_check']
2025-01-03 14:13:12,941 - INFO - - Cog Name: FleetApplicationCog
2025-01-03 14:13:12,941 - INFO -   Cog Type: <class 'cogs.fleet_application.FleetApplicationCog'>
2025-01-03 14:13:12,942 - INFO -   Potential Command Methods: ['cog_app_command_error', 'interaction_check']
2025-01-03 14:13:12,942 - INFO - - Cog Name: MissionCog
2025-01-03 14:13:12,943 - INFO -   Cog Type: <class 'cogs.missions.MissionCog'>
2025-01-03 14:13:12,943 - INFO -   Potential Command Methods: ['cog_app_command_error', 'difficulty_autocomplete', 'duration_autocomplete', 'interaction_check', 'mission_name_autocomplete', 'requirements_autocomplete', 'ships_autocomplete', 'tags_autocomplete', 'timezone_autocomplete']
2025-01-03 14:13:12,943 - INFO - - Cog Name: EvaluationCog
2025-01-03 14:13:12,943 - INFO -   Cog Type: <class 'cogs.eval.EvaluationCog'>
2025-01-03 14:13:12,943 - INFO -   Potential Command Methods: ['cog_app_command_error', 'interaction_check', 'send_evaluation_summary']
2025-01-03 14:13:12,943 - INFO - - Cog Name: SRSCog
2025-01-03 14:13:12,944 - INFO -   Cog Type: <class 'cogs.srs.SRSCog'>
2025-01-03 14:13:12,944 - INFO -   Potential Command Methods: ['cog_app_command_error', 'interaction_check', 'mission_comms_autocomplete', 'setup_mission_comms_autocomplete']
2025-01-03 14:13:12,944 - INFO - - Cog Name: IntegratedShipsCog
2025-01-03 14:13:12,944 - INFO -   Cog Type: <class 'cogs.ships.IntegratedShipsCog'>
2025-01-03 14:13:12,944 - INFO -   Potential Command Methods: ['cog_app_command_error', 'commission_ship_autocomplete', 'division_autocomplete', 'interaction_check', 'manufacturer_autocomplete', 'primary_use_autocomplete', 'role_autocomplete', 'ship_autocomplete', 'size_autocomplete']
2025-01-03 14:13:12,945 - INFO - - Cog Name: AlertCog
2025-01-03 14:13:12,945 - INFO -   Cog Type: <class 'cogs.alert.AlertCog'>
2025-01-03 14:13:12,945 - INFO -   Potential Command Methods: ['alert_level_autocomplete', 'cog_app_command_error', 'interaction_check']
2025-01-03 14:13:12,945 - INFO - - Cog Name: CommandHubCog
2025-01-03 14:13:12,945 - INFO -   Cog Type: <class 'cogs.commandhub.CommandHubCog'>
2025-01-03 14:13:12,946 - INFO -   Potential Command Methods: ['cog_app_command_error', 'cog_error', 'interaction_check']
2025-01-03 14:13:12,946 - INFO - Tree Commands:
2025-01-03 14:13:12,946 - INFO - Total Tree Commands: 3
2025-01-03 14:13:12,946 - INFO - ------------------------------
2025-01-03 14:13:12,946 - INFO - Command Name: view_aar
2025-01-03 14:13:12,947 - ERROR - Error executing command profile: 'Command' object has no attribute 'cog_name'
Traceback (most recent call last):
  File "/home/owner/Documents/cogs/commandhub.py", line 172, in execute_command
    logger.info(f"Cog Name: {cmd.cog_name}")
AttributeError: 'Command' object has no attribute 'cog_name'
2025-01-03 14:13:13,180 - ERROR - Error executing command profile: 'Command' object has no attribute 'cog_name'
2025-01-03 14:14:40,855 - INFO - CommandHub cog loaded successfully
2025-01-03 14:15:51,277 - INFO - Attempting to execute command: profile
2025-01-03 14:15:51,277 - INFO - Available kwargs: {}
2025-01-03 14:15:51,278 - INFO - Tree Commands:
2025-01-03 14:15:51,278 - INFO - Total Tree Commands: 3
2025-01-03 14:15:51,278 - INFO - ------------------------------
2025-01-03 14:15:51,278 - INFO - Command Name: view_aar
2025-01-03 14:15:51,278 - INFO - Callback Name: view_aar
2025-01-03 14:15:51,278 - INFO - Callback Module: cogs.aar
2025-01-03 14:15:51,278 - INFO - ------------------------------
2025-01-03 14:15:51,279 - INFO - Command Name: recent_aars
2025-01-03 14:15:51,279 - INFO - Callback Name: recent_aars
2025-01-03 14:15:51,279 - INFO - Callback Module: cogs.aar
2025-01-03 14:15:51,280 - INFO - ------------------------------
2025-01-03 14:15:51,280 - INFO - Command Name: admin
2025-01-03 14:15:51,280 - ERROR - Error executing command profile: 'Group' object has no attribute 'callback'
Traceback (most recent call last):
  File "/home/owner/Documents/cogs/commandhub.py", line 157, in execute_command
    logger.info(f"Callback Name: {cmd.callback.__name__}")
AttributeError: 'Group' object has no attribute 'callback'
2025-01-03 14:15:51,486 - ERROR - Error executing command profile: 'Group' object has no attribute 'callback'
2025-01-03 14:17:09,881 - INFO - CommandHub cog loaded successfully
2025-01-03 14:17:31,090 - INFO - Attempting to execute command: profile
2025-01-03 14:17:31,090 - INFO - Available kwargs: {}
2025-01-03 14:17:31,090 - INFO - Tree Commands and Groups:
2025-01-03 14:17:31,090 - INFO - Command/Group: view_aar
2025-01-03 14:17:31,091 - INFO -   Callback Name: view_aar
2025-01-03 14:17:31,091 - INFO -   Callback Module: cogs.aar
2025-01-03 14:17:31,091 - INFO - Command/Group: recent_aars
2025-01-03 14:17:31,091 - INFO -   Callback Name: recent_aars
2025-01-03 14:17:31,092 - INFO -   Callback Module: cogs.aar
2025-01-03 14:17:31,092 - INFO - Command/Group: admin
2025-01-03 14:17:31,092 - ERROR - No commands found matching name: profile
2025-01-03 14:17:31,092 - ERROR - Error executing command profile: Command 'profile' not found in any loaded cogs.
Traceback (most recent call last):
  File "/home/owner/Documents/cogs/commandhub.py", line 179, in execute_command
    raise commands.CommandNotFound(f"Command '{command_name}' not found in any loaded cogs.")
discord.ext.commands.errors.CommandNotFound: Command 'profile' not found in any loaded cogs.
2025-01-03 14:17:31,424 - ERROR - Error executing command profile: Command 'profile' not found in any loaded cogs.
2025-01-03 14:21:17,238 - INFO - CommandHub cog loaded successfully
2025-01-03 14:21:45,930 - INFO - Attempting to execute command: profile
2025-01-03 14:21:45,931 - INFO - Available kwargs: {}
2025-01-03 14:21:45,931 - INFO - Tree Commands and Groups:
2025-01-03 14:21:45,931 - INFO - Command/Group: view_aar
2025-01-03 14:21:45,931 - INFO -   Callback Name: view_aar
2025-01-03 14:21:45,932 - INFO -   Callback Module: cogs.aar
2025-01-03 14:21:45,932 - INFO - Command/Group: recent_aars
2025-01-03 14:21:45,932 - INFO -   Callback Name: recent_aars
2025-01-03 14:21:45,932 - INFO -   Callback Module: cogs.aar
2025-01-03 14:21:45,932 - INFO - Command/Group: admin
2025-01-03 14:21:45,933 - ERROR - No commands found matching name: profile
2025-01-03 14:21:45,933 - ERROR - Error executing command profile: Command 'profile' not found in any loaded cogs.
Traceback (most recent call last):
  File "/home/owner/Documents/cogs/commandhub.py", line 179, in execute_command
    raise commands.CommandNotFound(f"Command '{command_name}' not found in any loaded cogs.")
discord.ext.commands.errors.CommandNotFound: Command 'profile' not found in any loaded cogs.
2025-01-03 14:21:46,253 - ERROR - Error executing command profile: Command 'profile' not found in any loaded cogs.
2025-01-03 14:22:55,815 - INFO - CommandHub cog loaded successfully
2025-01-03 14:24:35,834 - INFO - CommandHub cog loaded successfully
2025-01-03 14:28:04,406 - INFO - Attempting to execute command: balance
2025-01-03 14:28:04,406 - INFO - Available kwargs: {}
2025-01-03 14:28:04,407 - INFO - Tree Commands and Groups:
2025-01-03 14:28:04,407 - INFO - Command/Group: view_aar
2025-01-03 14:28:04,407 - INFO -   Callback Name: view_aar
2025-01-03 14:28:04,407 - INFO -   Callback Module: cogs.aar
2025-01-03 14:28:04,407 - INFO - Command/Group: recent_aars
2025-01-03 14:28:04,408 - INFO -   Callback Name: recent_aars
2025-01-03 14:28:04,408 - INFO -   Callback Module: cogs.aar
2025-01-03 14:28:04,408 - INFO - Command/Group: admin
2025-01-03 14:28:04,408 - ERROR - No commands found matching name: balance
2025-01-03 14:28:04,408 - ERROR - Error executing command balance: Command 'balance' not found in any loaded cogs.
Traceback (most recent call last):
  File "/home/owner/Documents/cogs/commandhub.py", line 179, in execute_command
    raise commands.CommandNotFound(f"Command '{command_name}' not found in any loaded cogs.")
discord.ext.commands.errors.CommandNotFound: Command 'balance' not found in any loaded cogs.
2025-01-03 14:28:04,587 - ERROR - Error executing command balance: Command 'balance' not found in any loaded cogs.
2025-01-03 14:28:08,580 - INFO - Attempting to execute command: profile
2025-01-03 14:28:08,581 - INFO - Available kwargs: {}
2025-01-03 14:28:08,581 - INFO - Tree Commands and Groups:
2025-01-03 14:28:08,581 - INFO - Command/Group: view_aar
2025-01-03 14:28:08,581 - INFO -   Callback Name: view_aar
2025-01-03 14:28:08,582 - INFO -   Callback Module: cogs.aar
2025-01-03 14:28:08,582 - INFO - Command/Group: recent_aars
2025-01-03 14:28:08,582 - INFO -   Callback Name: recent_aars
2025-01-03 14:28:08,582 - INFO -   Callback Module: cogs.aar
2025-01-03 14:28:08,582 - INFO - Command/Group: admin
2025-01-03 14:28:08,582 - ERROR - No commands found matching name: profile
2025-01-03 14:28:08,584 - ERROR - Error executing command profile: Command 'profile' not found in any loaded cogs.
Traceback (most recent call last):
  File "/home/owner/Documents/cogs/commandhub.py", line 179, in execute_command
    raise commands.CommandNotFound(f"Command '{command_name}' not found in any loaded cogs.")
discord.ext.commands.errors.CommandNotFound: Command 'profile' not found in any loaded cogs.
2025-01-03 14:28:08,831 - ERROR - Error executing command profile: Command 'profile' not found in any loaded cogs.
2025-01-03 14:47:54,199 - INFO - CommandHub cog loaded successfully
2025-01-03 14:49:06,032 - INFO - Attempting to execute command: profile
2025-01-03 14:49:06,033 - INFO - Available kwargs: {}
2025-01-03 14:49:06,034 - INFO - Tree Commands and Groups:
2025-01-03 14:49:06,034 - INFO - Command/Group: view_aar
2025-01-03 14:49:06,034 - INFO -   Callback Name: view_aar
2025-01-03 14:49:06,034 - INFO -   Callback Module: cogs.aar
2025-01-03 14:49:06,034 - INFO - Command/Group: recent_aars
2025-01-03 14:49:06,034 - INFO -   Callback Name: recent_aars
2025-01-03 14:49:06,035 - INFO -   Callback Module: cogs.aar
2025-01-03 14:49:06,035 - INFO - Command/Group: admin
2025-01-03 14:49:06,035 - ERROR - No commands found matching name: profile
2025-01-03 14:49:06,035 - ERROR - Error executing command profile: Command 'profile' not found in any loaded cogs.
Traceback (most recent call last):
  File "/home/owner/Documents/cogs/commandhub.py", line 179, in execute_command
    raise commands.CommandNotFound(f"Command '{command_name}' not found in any loaded cogs.")
discord.ext.commands.errors.CommandNotFound: Command 'profile' not found in any loaded cogs.
2025-01-03 14:49:06,252 - ERROR - Error executing command profile: Command 'profile' not found in any loaded cogs.
2025-01-03 14:59:41,605 - INFO - CommandHub cog loaded successfully
2025-01-03 15:00:21,359 - INFO - CommandHub cog loaded successfully
2025-01-03 15:01:04,415 - INFO - Attempting to execute command: profile
2025-01-03 15:01:04,415 - INFO - Available kwargs: {}
2025-01-03 15:01:04,415 - INFO - Tree Commands and Groups:
2025-01-03 15:01:04,415 - INFO - Command/Group: view_aar
2025-01-03 15:01:04,415 - INFO -   Callback Name: view_aar
2025-01-03 15:01:04,416 - INFO -   Callback Module: cogs.aar
2025-01-03 15:01:04,416 - INFO - Command/Group: recent_aars
2025-01-03 15:01:04,416 - INFO -   Callback Name: recent_aars
2025-01-03 15:01:04,416 - INFO -   Callback Module: cogs.aar
2025-01-03 15:01:04,416 - INFO - Command/Group: admin
2025-01-03 15:01:04,416 - ERROR - No commands found matching name: profile
2025-01-03 15:01:04,416 - ERROR - Error executing command profile: Command 'profile' not found in any loaded cogs.
Traceback (most recent call last):
  File "/home/owner/Documents/cogs/commandhub.py", line 179, in execute_command
    raise commands.CommandNotFound(f"Command '{command_name}' not found in any loaded cogs.")
discord.ext.commands.errors.CommandNotFound: Command 'profile' not found in any loaded cogs.
2025-01-03 15:01:04,715 - ERROR - Error executing command profile: Command 'profile' not found in any loaded cogs.
2025-01-03 15:09:37,625 - INFO - CommandHub cog loaded successfully
2025-01-03 15:13:57,300 - INFO - Attempting to execute command: profile
2025-01-03 15:13:57,301 - INFO - Available kwargs: {}
2025-01-03 15:13:57,301 - INFO - Tree Commands and Groups:
2025-01-03 15:13:57,301 - INFO - Command/Group: view_aar
2025-01-03 15:13:57,301 - INFO -   Callback Name: view_aar
2025-01-03 15:13:57,301 - INFO -   Callback Module: cogs.aar
2025-01-03 15:13:57,301 - INFO - Command/Group: recent_aars
2025-01-03 15:13:57,301 - INFO -   Callback Name: recent_aars
2025-01-03 15:13:57,302 - INFO -   Callback Module: cogs.aar
2025-01-03 15:13:57,302 - INFO - Command/Group: admin
2025-01-03 15:13:57,302 - ERROR - Error executing command profile: 'CommandConfirmView' object has no attribute 'bot'
Traceback (most recent call last):
  File "/home/owner/Documents/cogs/commandhub.py", line 164, in execute_command
    command = self.bot.tree.get_command(command_name)
AttributeError: 'CommandConfirmView' object has no attribute 'bot'
2025-01-03 15:13:57,894 - ERROR - Error executing command profile: 'CommandConfirmView' object has no attribute 'bot'
2025-01-03 15:21:56,983 - INFO - CommandHub cog loaded successfully
2025-01-03 15:23:03,836 - INFO - Attempting to execute command: profile
2025-01-03 15:23:03,836 - INFO - Available kwargs: {}
2025-01-03 15:23:03,836 - INFO - Tree Commands and Groups:
2025-01-03 15:23:03,836 - INFO - Command/Group: view_aar
2025-01-03 15:23:03,837 - INFO -   Callback Name: view_aar
2025-01-03 15:23:03,837 - INFO -   Callback Module: cogs.aar
2025-01-03 15:23:03,837 - INFO - Command/Group: recent_aars
2025-01-03 15:23:03,838 - INFO -   Callback Name: recent_aars
2025-01-03 15:23:03,838 - INFO -   Callback Module: cogs.aar
2025-01-03 15:23:03,838 - INFO - Command/Group: admin
2025-01-03 15:23:03,838 - ERROR - No commands found matching name: profile
2025-01-03 15:23:03,838 - ERROR - Error executing command profile: Command 'profile' not found.
Traceback (most recent call last):
  File "/home/owner/Documents/cogs/commandhub.py", line 169, in execute_command
    raise commands.CommandNotFound(f"Command '{command_name}' not found.")
discord.ext.commands.errors.CommandNotFound: Command 'profile' not found.
2025-01-03 15:23:04,100 - ERROR - Error executing command profile: Command 'profile' not found.
2025-01-03 15:24:27,713 - INFO - CommandHub cog loaded successfully
2025-01-03 15:30:54,538 - INFO - CommandHub cog loaded successfully
2025-01-03 15:36:25,684 - INFO - CommandHub cog loaded successfully
2025-01-03 15:36:43,594 - INFO - Attempting to execute command: profile
2025-01-03 15:36:43,595 - INFO - Available kwargs: {}
2025-01-03 15:36:43,595 - INFO - Tree Commands and Groups:
2025-01-03 15:36:43,595 - INFO - Command/Group: view_aar
2025-01-03 15:36:43,595 - INFO -   Callback Name: view_aar
2025-01-03 15:36:43,595 - INFO -   Callback Module: cogs.aar
2025-01-03 15:36:43,595 - INFO - Command/Group: recent_aars
2025-01-03 15:36:43,595 - INFO -   Callback Name: recent_aars
2025-01-03 15:36:43,596 - INFO -   Callback Module: cogs.aar
2025-01-03 15:36:43,596 - INFO - Command/Group: admin
2025-01-03 15:36:43,596 - ERROR - No commands found matching name: profile
2025-01-03 15:36:43,596 - ERROR - Error executing command profile: Command 'profile' not found.
Traceback (most recent call last):
  File "/home/owner/Documents/cogs/commandhub.py", line 169, in execute_command
    raise commands.CommandNotFound(f"Command '{command_name}' not found.")
discord.ext.commands.errors.CommandNotFound: Command 'profile' not found.
2025-01-03 15:36:43,857 - ERROR - Error executing command profile: Command 'profile' not found.
2025-01-03 15:39:46,936 - INFO - CommandHub cog loaded successfully
2025-01-03 15:40:09,485 - INFO - Attempting to execute command: profile
2025-01-03 15:40:09,485 - INFO - Available kwargs: {}
2025-01-03 15:40:09,485 - INFO - Tree Commands and Groups:
2025-01-03 15:40:09,485 - INFO - Command/Group: view_aar
2025-01-03 15:40:09,486 - INFO -   Callback Name: view_aar
2025-01-03 15:40:09,486 - INFO -   Callback Module: cogs.aar
2025-01-03 15:40:09,486 - INFO - Command/Group: recent_aars
2025-01-03 15:40:09,486 - INFO -   Callback Name: recent_aars
2025-01-03 15:40:09,487 - INFO -   Callback Module: cogs.aar
2025-01-03 15:40:09,487 - INFO - Command/Group: admin
2025-01-03 15:40:09,487 - ERROR - No commands found matching name: profile
2025-01-03 15:40:09,488 - ERROR - Error executing command profile: Command 'profile' not found.
Traceback (most recent call last):
  File "/home/owner/Documents/cogs/commandhub.py", line 172, in execute_command
    raise commands.CommandNotFound(f"Command '{command_name}' not found.")
discord.ext.commands.errors.CommandNotFound: Command 'profile' not found.
2025-01-03 15:40:09,767 - ERROR - Error executing command profile: Command 'profile' not found.
2025-01-03 15:42:41,912 - INFO - CommandHub cog loaded successfully
2025-01-03 15:43:04,419 - INFO - Attempting to execute command: profile
2025-01-03 15:43:04,420 - INFO - Available kwargs: {}
2025-01-03 15:43:04,420 - INFO - Tree Commands and Groups:
2025-01-03 15:43:04,420 - INFO - Command/Group: view_aar
2025-01-03 15:43:04,420 - INFO -   Callback Name: view_aar
2025-01-03 15:43:04,421 - INFO -   Callback Module: cogs.aar
2025-01-03 15:43:04,421 - INFO - Command/Group: recent_aars
2025-01-03 15:43:04,421 - INFO -   Callback Name: recent_aars
2025-01-03 15:43:04,421 - INFO -   Callback Module: cogs.aar
2025-01-03 15:43:04,422 - INFO - Command/Group: admin
2025-01-03 15:43:04,422 - ERROR - No commands found matching name: profile
2025-01-03 15:43:04,422 - ERROR - Error executing command profile: Command 'profile' not found.
Traceback (most recent call last):
  File "/home/owner/Documents/cogs/commandhub.py", line 172, in execute_command
    raise commands.CommandNotFound(f"Command '{command_name}' not found.")
discord.ext.commands.errors.CommandNotFound: Command 'profile' not found.
2025-01-03 15:43:04,604 - ERROR - Error executing command profile: Command 'profile' not found.
2025-01-03 15:46:02,854 - INFO - CommandHub cog loaded successfully
2025-01-03 15:47:44,415 - INFO - Attempting to execute command: profile
2025-01-03 15:47:44,415 - INFO - Available kwargs: {}
2025-01-03 15:47:44,415 - INFO - Tree Commands and Groups:
2025-01-03 15:47:44,415 - INFO - Command/Group: view_aar
2025-01-03 15:47:44,416 - INFO -   Callback Name: view_aar
2025-01-03 15:47:44,416 - INFO -   Callback Module: cogs.aar
2025-01-03 15:47:44,416 - INFO - Command/Group: recent_aars
2025-01-03 15:47:44,416 - INFO -   Callback Name: recent_aars
2025-01-03 15:47:44,416 - INFO -   Callback Module: cogs.aar
2025-01-03 15:47:44,416 - INFO - Command/Group: admin
2025-01-03 15:47:44,416 - ERROR - No commands found matching name: profile
2025-01-03 15:47:44,417 - ERROR - Error executing command profile: Command 'profile' not found.
Traceback (most recent call last):
  File "/home/owner/Documents/cogs/commandhub.py", line 172, in execute_command
    raise commands.CommandNotFound(f"Command '{command_name}' not found.")
discord.ext.commands.errors.CommandNotFound: Command 'profile' not found.
2025-01-03 15:47:44,628 - ERROR - Error executing command profile: Command 'profile' not found.
2025-01-03 19:12:39,389 - INFO - CommandHub cog loaded successfully
2025-01-03 19:13:01,197 - INFO - Attempting to execute command: profile
2025-01-03 19:13:01,198 - INFO - Available kwargs: {}
2025-01-03 19:13:01,198 - INFO - Found command profile in cog ProfileCog
2025-01-03 19:13:01,198 - ERROR - Error executing command profile: Namespace.__init__() missing 3 required positional arguments: 'interaction', 'resolved', and 'options'
Traceback (most recent call last):
  File "/home/owner/Documents/cogs/commandhub.py", line 161, in execute_command
    namespace = app_commands.Namespace()
TypeError: Namespace.__init__() missing 3 required positional arguments: 'interaction', 'resolved', and 'options'
2025-01-03 19:13:01,200 - ERROR - Error executing command profile: Namespace.__init__() missing 3 required positional arguments: 'interaction', 'resolved', and 'options'
2025-01-03 19:14:14,980 - INFO - CommandHub cog loaded successfully
2025-01-03 19:14:33,833 - INFO - Attempting to execute command: profile
2025-01-03 19:14:33,834 - INFO - Available kwargs: {}
2025-01-03 19:14:33,834 - INFO - Found command profile in cog ProfileCog
2025-01-03 19:14:33,834 - ERROR - Error executing command profile: 'Interaction' object has no attribute '_user'
Traceback (most recent call last):
  File "/home/owner/Documents/cogs/commandhub.py", line 193, in execute_command
    new_interaction._user = interaction.user
AttributeError: 'Interaction' object has no attribute '_user'
2025-01-03 19:14:33,835 - ERROR - Error executing command profile: 'Interaction' object has no attribute '_user'
2025-01-03 19:37:14,500 - INFO - CommandHub cog loaded successfully
2025-01-03 19:37:30,106 - INFO - Attempting to execute command: profile
2025-01-03 19:37:30,106 - INFO - Available kwargs: {}
2025-01-03 19:37:30,106 - INFO - Found command profile in cog ProfileCog
2025-01-03 19:37:30,107 - ERROR - Error executing command profile: 'flags'
Traceback (most recent call last):
  File "/home/owner/Documents/cogs/commandhub.py", line 204, in execute_command
    new_interaction = discord.Interaction(data=interaction_data, state=interaction._state)
  File "/home/owner/.local/lib/python3.10/site-packages/discord/interactions.py", line 193, in __init__
    self._from_data(data)
  File "/home/owner/.local/lib/python3.10/site-packages/discord/interactions.py", line 266, in _from_data
    self.user = Member(state=self._state, guild=guild, data=member)
  File "/home/owner/.local/lib/python3.10/site-packages/discord/member.py", line 362, in __init__
    self._flags: int = data['flags']
KeyError: 'flags'
2025-01-03 19:37:30,110 - ERROR - Error executing command profile: 'flags'
2025-01-03 20:20:30,643 - INFO - CommandHub cog loaded successfully
2025-01-03 20:20:50,363 - INFO - Attempting to execute command: profile
2025-01-03 20:20:50,363 - INFO - Available kwargs: {}
2025-01-03 20:20:50,363 - INFO - Found command profile in cog ProfileCog
2025-01-03 20:20:50,364 - ERROR - Error executing command profile: can't set attribute 'guild'
Traceback (most recent call last):
  File "/home/owner/Documents/cogs/commandhub.py", line 217, in execute_command
    new_interaction.guild = interaction.guild
AttributeError: can't set attribute 'guild'
2025-01-03 20:20:50,365 - ERROR - Error executing command profile: can't set attribute 'guild'
2025-01-03 20:23:06,302 - INFO - CommandHub cog loaded successfully
2025-01-03 20:23:24,343 - INFO - Attempting to execute command: profile
2025-01-03 20:23:24,343 - INFO - Available kwargs: {}
2025-01-03 20:23:24,343 - INFO - Found command profile in cog ProfileCog
2025-01-03 20:23:24,344 - ERROR - Error executing command profile: 'Command' object has no attribute 'cog'
Traceback (most recent call last):
  File "/home/owner/Documents/cogs/commandhub.py", line 239, in execute_command
    await cmd.callback(cmd.cog, new_interaction, **kwargs)
AttributeError: 'Command' object has no attribute 'cog'
2025-01-03 20:23:24,345 - ERROR - Error executing command profile: 'Command' object has no attribute 'cog'
2025-01-03 20:25:04,648 - INFO - CommandHub cog loaded successfully
2025-01-03 20:25:20,973 - INFO - Attempting to execute command: profile
2025-01-03 20:25:20,974 - INFO - Available kwargs: {}
2025-01-03 20:25:20,974 - INFO - Found command profile in cog ProfileCog
2025-01-03 20:25:21,108 - ERROR - Error executing command profile: 404 Not Found (error code: 10062): Unknown interaction
Traceback (most recent call last):
  File "/home/owner/Documents/cogs/commandhub.py", line 239, in execute_command
    await cmd.callback(cog, new_interaction, **kwargs)
  File "/home/owner/Documents/cogs/profile.py", line 1140, in profile
    await interaction.response.defer()
  File "/home/owner/.local/lib/python3.10/site-packages/discord/interactions.py", line 709, in defer
    await adapter.create_interaction_response(
  File "/home/owner/.local/lib/python3.10/site-packages/discord/webhook/async_.py", line 221, in request
    raise NotFound(response, data)
discord.errors.NotFound: 404 Not Found (error code: 10062): Unknown interaction
2025-01-03 20:25:21,109 - ERROR - Error executing command profile: 404 Not Found (error code: 10062): Unknown interaction
2025-01-03 20:26:28,584 - INFO - CommandHub cog loaded successfully
2025-01-03 20:26:48,806 - INFO - Attempting to execute command: profile
2025-01-03 20:26:48,806 - INFO - Available kwargs: {}
2025-01-03 20:26:48,806 - INFO - Found command profile in cog ProfileCog
2025-01-03 20:26:48,807 - ERROR - Error executing command profile: Namespace.__init__() missing 3 required positional arguments: 'interaction', 'resolved', and 'options'
Traceback (most recent call last):
  File "/home/owner/Documents/cogs/commandhub.py", line 160, in execute_command
    namespace = app_commands.Namespace()
TypeError: Namespace.__init__() missing 3 required positional arguments: 'interaction', 'resolved', and 'options'
2025-01-03 20:26:48,807 - ERROR - Error executing command profile: Namespace.__init__() missing 3 required positional arguments: 'interaction', 'resolved', and 'options'
2025-01-03 20:27:59,526 - INFO - CommandHub cog loaded successfully
2025-01-03 20:28:59,212 - INFO - Attempting to execute command: profile
2025-01-03 20:28:59,212 - INFO - Available kwargs: {}
2025-01-03 20:28:59,212 - INFO - Found command profile in cog ProfileCog
2025-01-03 20:28:59,213 - ERROR - Error in command callback: This interaction has already been responded to before
Traceback (most recent call last):
  File "/home/owner/Documents/cogs/commandhub.py", line 181, in execute_command
    await cmd.callback(cog, interaction, **kwargs)
  File "/home/owner/Documents/cogs/profile.py", line 1140, in profile
    await interaction.response.defer()
  File "/home/owner/.local/lib/python3.10/site-packages/discord/interactions.py", line 687, in defer
    raise InteractionResponded(self._parent)
discord.errors.InteractionResponded: This interaction has already been responded to before
2025-01-03 20:31:59,992 - INFO - CommandHub cog loaded successfully
2025-01-03 20:32:15,153 - INFO - Attempting to execute command: profile
2025-01-03 20:32:15,153 - INFO - Available kwargs: {}
2025-01-03 20:32:15,153 - INFO - Found command profile in cog ProfileCog
2025-01-03 20:32:15,154 - ERROR - Error in command callback: This interaction has already been responded to before
Traceback (most recent call last):
  File "/home/owner/Documents/cogs/commandhub.py", line 181, in execute_command
    await cmd.callback(cog, interaction, **kwargs)
  File "/home/owner/Documents/cogs/profile.py", line 1140, in profile
    await interaction.response.defer()
  File "/home/owner/.local/lib/python3.10/site-packages/discord/interactions.py", line 687, in defer
    raise InteractionResponded(self._parent)
discord.errors.InteractionResponded: This interaction has already been responded to before
2025-01-03 20:34:18,729 - INFO - CommandHub cog loaded successfully
2025-01-03 20:34:34,614 - INFO - Attempting to execute command: profile
2025-01-03 20:34:34,614 - INFO - Available kwargs: {}
2025-01-03 20:34:34,614 - INFO - Found command profile in cog ProfileCog
2025-01-03 20:34:34,615 - ERROR - Error in command callback: 'Interaction' object attribute 'response' is read-only
Traceback (most recent call last):
  File "/home/owner/Documents/cogs/commandhub.py", line 179, in execute_command
    interaction.response = ResponseProxy()
AttributeError: 'Interaction' object attribute 'response' is read-only
2025-01-03 20:34:34,891 - ERROR - No command found with name: profile
2025-01-03 20:34:34,892 - ERROR - Error executing command profile: Command 'profile' not found.
Traceback (most recent call last):
  File "/home/owner/Documents/cogs/commandhub.py", line 203, in execute_command
    raise commands.CommandNotFound(f"Command '{command_name}' not found.")
discord.ext.commands.errors.CommandNotFound: Command 'profile' not found.
2025-01-03 20:34:35,609 - ERROR - No command found with name: profile
2025-01-03 20:34:35,609 - ERROR - Error executing command profile: Command 'profile' not found.
2025-01-03 20:35:52,509 - INFO - CommandHub cog loaded successfully
2025-01-03 20:36:15,478 - INFO - Attempting to execute command: profile
2025-01-03 20:36:15,479 - INFO - Available kwargs: {}
2025-01-03 20:36:15,479 - INFO - Found command profile in cog ProfileCog
2025-01-03 20:36:36,195 - INFO - Attempting to execute command: ship_info
2025-01-03 20:36:36,196 - INFO - Available kwargs: {'name': '890J'}
2025-01-03 20:36:36,196 - ERROR - Error executing command ship_info: 'CommandParamModal' object has no attribute 'bot'
Traceback (most recent call last):
  File "/home/owner/Documents/cogs/commandhub.py", line 153, in execute_command
    for cog in self.bot.cogs.values():
AttributeError: 'CommandParamModal' object has no attribute 'bot'
2025-01-03 20:38:22,475 - INFO - CommandHub cog loaded successfully
2025-01-03 20:38:36,385 - INFO - Attempting to execute command: profile
2025-01-03 20:38:36,386 - INFO - Available kwargs: {}
2025-01-03 20:38:36,386 - INFO - Found command profile in cog ProfileCog
2025-01-03 20:38:53,541 - INFO - Attempting to execute command: ship_info
2025-01-03 20:38:53,542 - INFO - Available kwargs: {'name': '890J'}
2025-01-03 20:38:53,542 - INFO - Found command ship_info in cog IntegratedShipsCog
2025-01-03 20:39:16,887 - INFO - Attempting to execute command: ship_info
2025-01-03 20:39:16,887 - INFO - Available kwargs: {'name': 'Polaris'}
2025-01-03 20:39:16,888 - INFO - Found command ship_info in cog IntegratedShipsCog
2025-01-03 20:43:32,252 - INFO - Attempting to execute command: balance
2025-01-03 20:43:32,252 - INFO - Available kwargs: {}
2025-01-03 20:43:32,252 - INFO - Found command balance in cog BankingCog
2025-01-03 20:44:26,421 - INFO - Attempting to execute command: profile
2025-01-03 20:44:26,421 - INFO - Available kwargs: {}
2025-01-03 20:44:26,421 - INFO - Found command profile in cog ProfileCog
2025-01-03 20:44:42,398 - INFO - Attempting to execute command: profile
2025-01-03 20:44:42,399 - INFO - Available kwargs: {}
2025-01-03 20:44:42,399 - INFO - Found command profile in cog ProfileCog
2025-01-03 20:44:54,589 - INFO - Attempting to execute command: balance
2025-01-03 20:44:54,590 - INFO - Available kwargs: {}
2025-01-03 20:44:54,590 - INFO - Found command balance in cog BankingCog
2025-01-03 20:45:07,287 - INFO - Attempting to execute command: balance
2025-01-03 20:45:07,288 - INFO - Available kwargs: {}
2025-01-03 20:45:07,288 - INFO - Found command balance in cog BankingCog
2025-01-03 20:45:42,573 - INFO - Attempting to execute command: deposit
2025-01-03 20:45:42,574 - INFO - Available kwargs: {'amount': '2000000'}
2025-01-03 20:45:42,574 - INFO - Found command deposit in cog BankingCog
2025-01-03 20:45:42,574 - ERROR - Error in command callback: '<=' not supported between instances of 'str' and 'int'
Traceback (most recent call last):
  File "/home/owner/Documents/cogs/commandhub.py", line 204, in execute_command
    await cmd.callback(cog, wrapped, **kwargs)
  File "/home/owner/Documents/cogs/banking.py", line 545, in deposit
    if amount <= 0:
TypeError: '<=' not supported between instances of 'str' and 'int'
2025-01-03 20:45:42,834 - ERROR - No command found with name: deposit
2025-01-03 20:45:43,040 - ERROR - Error executing command deposit: Command 'deposit' not found.
Traceback (most recent call last):
  File "/home/owner/Documents/cogs/commandhub.py", line 235, in execute_command
    raise commands.CommandNotFound(f"Command '{command_name}' not found.")
discord.ext.commands.errors.CommandNotFound: Command 'deposit' not found.
2025-01-03 20:46:04,476 - INFO - Attempting to execute command: deposit
2025-01-03 20:46:04,477 - INFO - Available kwargs: {'amount': '6,000,000'}
2025-01-03 20:46:04,477 - INFO - Found command deposit in cog BankingCog
2025-01-03 20:46:04,478 - ERROR - Error in command callback: '<=' not supported between instances of 'str' and 'int'
Traceback (most recent call last):
  File "/home/owner/Documents/cogs/commandhub.py", line 204, in execute_command
    await cmd.callback(cog, wrapped, **kwargs)
  File "/home/owner/Documents/cogs/banking.py", line 545, in deposit
    if amount <= 0:
TypeError: '<=' not supported between instances of 'str' and 'int'
2025-01-03 20:46:04,696 - ERROR - No command found with name: deposit
2025-01-03 20:46:04,970 - ERROR - Error executing command deposit: Command 'deposit' not found.
Traceback (most recent call last):
  File "/home/owner/Documents/cogs/commandhub.py", line 235, in execute_command
    raise commands.CommandNotFound(f"Command '{command_name}' not found.")
discord.ext.commands.errors.CommandNotFound: Command 'deposit' not found.
2025-01-03 20:46:06,332 - INFO - Attempting to execute command: deposit
2025-01-03 20:46:06,333 - INFO - Available kwargs: {'amount': '2000000'}
2025-01-03 20:46:06,333 - INFO - Found command deposit in cog BankingCog
2025-01-03 20:46:06,333 - ERROR - Error in command callback: '<=' not supported between instances of 'str' and 'int'
Traceback (most recent call last):
  File "/home/owner/Documents/cogs/commandhub.py", line 204, in execute_command
    await cmd.callback(cog, wrapped, **kwargs)
  File "/home/owner/Documents/cogs/banking.py", line 545, in deposit
    if amount <= 0:
TypeError: '<=' not supported between instances of 'str' and 'int'
2025-01-03 20:46:06,537 - ERROR - No command found with name: deposit
2025-01-03 20:46:06,776 - ERROR - Error executing command deposit: Command 'deposit' not found.
Traceback (most recent call last):
  File "/home/owner/Documents/cogs/commandhub.py", line 235, in execute_command
    raise commands.CommandNotFound(f"Command '{command_name}' not found.")
discord.ext.commands.errors.CommandNotFound: Command 'deposit' not found.
2025-01-03 20:47:01,644 - INFO - Attempting to execute command: list_ships
2025-01-03 20:47:01,644 - INFO - Available kwargs: {'manufacturer': 'Drake', 'role': 'Exploration', 'size': 'Medium'}
2025-01-03 20:47:01,645 - INFO - Found command list_ships in cog IntegratedShipsCog
2025-01-04 00:05:37,364 - INFO - CommandHub cog loaded successfully
2025-01-04 00:48:07,672 - INFO - CommandHub cog loaded successfully
2025-01-04 14:28:22,723 - INFO - CommandHub cog loaded successfully
2025-01-04 14:32:16,296 - ERROR - Error executing command deposit: 'Command' object has no attribute 'cog'
Traceback (most recent call last):
  File "/home/owner/Documents/cogs/commandhub.py", line 1118, in _execute_found_command
    await cmd.callback(cmd.cog, interaction, **processed_kwargs)
AttributeError: 'Command' object has no attribute 'cog'
2025-01-04 14:32:45,378 - ERROR - Error executing command profile: 'CommandConfirmView' object has no attribute 'execute_command'
2025-01-04 14:36:25,528 - INFO - CommandHub cog loaded successfully
2025-01-04 14:37:29,857 - ERROR - Error executing command profile: 'Command' object is not callable
Traceback (most recent call last):
  File "/home/owner/Documents/cogs/commandhub.py", line 1144, in _execute_found_command
    await cmd(interaction, **processed_kwargs)
TypeError: 'Command' object is not callable
2025-01-04 14:38:55,469 - INFO - CommandHub cog loaded successfully
2025-01-04 14:41:16,750 - ERROR - Error executing command profile: This interaction has already been responded to before
Traceback (most recent call last):
  File "/home/owner/Documents/cogs/commandhub.py", line 1146, in _execute_found_command
    await cmd.callback(None, interaction, **processed_kwargs)
  File "/home/owner/Documents/cogs/profile.py", line 1140, in profile
    await interaction.response.defer()
  File "/home/owner/.local/lib/python3.10/site-packages/discord/interactions.py", line 687, in defer
    raise InteractionResponded(self._parent)
discord.errors.InteractionResponded: This interaction has already been responded to before
2025-01-04 14:43:01,007 - INFO - CommandHub cog loaded successfully
2025-01-04 14:46:02,713 - INFO - CommandHub cog loaded successfully
2025-01-04 14:46:20,830 - ERROR - Error executing command profile: This interaction has already been responded to before
2025-01-04 14:50:08,614 - INFO - CommandHub cog loaded successfully
2025-01-04 14:50:23,176 - ERROR - Error executing command profile: 'Command' object is not callable
Traceback (most recent call last):
  File "/home/owner/Documents/cogs/commandhub.py", line 1175, in _execute_found_command
    await cmd(interaction, **processed_kwargs)
TypeError: 'Command' object is not callable
2025-01-04 14:50:54,494 - INFO - CommandHub cog loaded successfully
2025-01-04 22:03:39,143 - INFO - CommandHub cog loaded successfully
2025-01-04 22:10:14,545 - INFO - CommandHub cog loaded successfully
2025-01-04 22:19:02,407 - INFO - CommandHub cog loaded successfully
2025-01-04 22:38:48,449 - INFO - CommandHub cog loaded successfully
2025-01-04 22:50:00,094 - INFO - CommandHub cog loaded successfully
2025-01-04 22:51:54,202 - INFO - CommandHub cog loaded successfully
2025-01-05 07:28:56,714 - ERROR - Error executing command deposit: 'Command' object is not callable
Traceback (most recent call last):
  File "/home/owner/Documents/cogs/commandhub.py", line 1175, in _execute_found_command
    await cmd(interaction, **processed_kwargs)
TypeError: 'Command' object is not callable
2025-01-06 08:07:32,079 - INFO - CommandHub cog loaded successfully
2025-01-06 08:13:00,364 - INFO - CommandHub cog loaded successfully
2025-01-06 08:14:49,328 - ERROR - Error executing command profile: 'Command' object is not callable
Traceback (most recent call last):
  File "/home/owner/Documents/cogs/commandhub.py", line 1213, in _execute_found_command
    await cmd(interaction, **processed_kwargs)
TypeError: 'Command' object is not callable
2025-01-06 08:16:34,133 - INFO - CommandHub cog loaded successfully
2025-01-06 08:27:17,921 - INFO - CommandHub cog loaded successfully
2025-01-06 08:31:45,096 - INFO - CommandHub cog loaded successfully
2025-01-06 08:32:27,103 - ERROR - Error executing command profile: This interaction has already been responded to before
Traceback (most recent call last):
  File "/home/owner/Documents/cogs/commandhub.py", line 1243, in _execute_found_command
    await cmd.callback(cog, interaction, **kwargs)
  File "/home/owner/Documents/cogs/profile.py", line 1140, in profile
    await interaction.response.defer()
  File "/home/owner/.local/lib/python3.10/site-packages/discord/interactions.py", line 687, in defer
    raise InteractionResponded(self._parent)
discord.errors.InteractionResponded: This interaction has already been responded to before
2025-01-06 08:34:41,682 - INFO - CommandHub cog loaded successfully
2025-01-06 09:58:48,767 - INFO - CommandHub cog loaded successfully
2025-01-06 09:59:04,383 - ERROR - Error handling command button: 400 Bad Request (error code: 40060): Interaction has already been acknowledged.
2025-01-06 10:07:02,729 - INFO - CommandHub cog loaded successfully
2025-01-06 13:26:55,259 - INFO - CommandHub cog loaded successfully
2025-01-06 14:17:07,413 - INFO - CommandHub cog loaded successfully
2025-01-06 14:21:21,088 - INFO - CommandHub cog loaded successfully
2025-01-06 14:30:09,673 - INFO - CommandHub cog loaded successfully
2025-01-06 15:05:35,472 - INFO - CommandHub cog loaded successfully
2025-01-06 15:10:43,312 - INFO - CommandHub cog loaded successfully
2025-01-06 17:10:27,310 - INFO - CommandHub cog loaded successfully
2025-01-06 17:14:11,167 - INFO - CommandHub cog loaded successfully
2025-01-06 17:18:31,352 - INFO - CommandHub cog loaded successfully
2025-01-06 17:20:12,333 - INFO - CommandHub cog loaded successfully
2025-01-06 17:22:14,536 - INFO - CommandHub cog loaded successfully
2025-01-06 17:28:59,966 - INFO - CommandHub cog loaded successfully
2025-01-06 17:35:36,458 - INFO - CommandHub cog loaded successfully
2025-01-06 17:39:51,552 - INFO - CommandHub cog loaded successfully
2025-01-06 17:54:32,982 - INFO - CommandHub cog loaded successfully
2025-01-06 17:59:19,520 - INFO - CommandHub cog loaded successfully
2025-01-06 18:00:45,019 - INFO - CommandHub cog loaded successfully
2025-01-06 18:02:28,956 - INFO - CommandHub cog loaded successfully
2025-01-06 18:05:39,906 - INFO - CommandHub cog loaded successfully
2025-01-06 18:13:46,577 - INFO - CommandHub cog loaded successfully
2025-01-06 18:17:29,079 - INFO - CommandHub cog loaded successfully
2025-01-06 18:18:10,674 - INFO - CommandHub cog loaded successfully
2025-01-06 18:21:38,597 - INFO - CommandHub cog loaded successfully
2025-01-07 13:53:47,621 - INFO - CommandHub cog loaded successfully
2025-01-07 13:59:03,474 - INFO - CommandHub cog loaded successfully
2025-01-07 14:00:16,720 - INFO - CommandHub cog loaded successfully
2025-01-07 14:03:15,904 - INFO - CommandHub cog loaded successfully
2025-01-07 14:06:45,137 - INFO - CommandHub cog loaded successfully
2025-01-07 14:08:26,140 - INFO - CommandHub cog loaded successfully
2025-01-07 14:25:12,925 - INFO - CommandHub cog loaded successfully
2025-01-07 14:32:19,644 - INFO - CommandHub cog loaded successfully
2025-01-07 14:36:53,641 - INFO - CommandHub cog loaded successfully
2025-01-07 14:42:11,093 - INFO - CommandHub cog loaded successfully
2025-01-07 14:45:05,000 - INFO - CommandHub cog loaded successfully
2025-01-07 14:57:39,863 - INFO - CommandHub cog loaded successfully
2025-01-07 15:04:19,728 - INFO - CommandHub cog loaded successfully
2025-01-07 15:12:01,620 - INFO - CommandHub cog loaded successfully
2025-01-07 15:14:53,143 - INFO - CommandHub cog loaded successfully
2025-01-07 15:20:44,384 - INFO - CommandHub cog loaded successfully
2025-01-09 10:04:00,352 - INFO - CommandHub cog loaded successfully
2025-01-09 10:06:06,674 - INFO - CommandHub cog loaded successfully
2025-01-09 10:07:35,601 - INFO - CommandHub cog loaded successfully
2025-01-09 10:10:56,895 - INFO - CommandHub cog loaded successfully
2025-01-09 10:13:06,004 - INFO - CommandHub cog loaded successfully
2025-01-09 10:19:06,825 - INFO - CommandHub cog loaded successfully
2025-01-09 10:20:18,656 - INFO - CommandHub cog loaded successfully
2025-01-09 10:35:05,768 - INFO - CommandHub cog loaded successfully
2025-01-09 10:38:39,618 - INFO - CommandHub cog loaded successfully
2025-01-09 10:40:01,410 - INFO - CommandHub cog loaded successfully
2025-01-09 10:44:53,568 - INFO - CommandHub cog loaded successfully
2025-01-09 10:46:32,270 - INFO - CommandHub cog loaded successfully
2025-01-09 10:48:17,117 - INFO - CommandHub cog loaded successfully
2025-01-09 10:53:24,217 - INFO - CommandHub cog loaded successfully
2025-01-09 10:54:01,388 - INFO - CommandHub cog loaded successfully
2025-01-09 10:54:24,335 - INFO - CommandHub cog loaded successfully
2025-01-09 11:24:38,255 - INFO - CommandHub cog loaded successfully
2025-01-09 11:28:48,974 - INFO - CommandHub cog loaded successfully
2025-01-09 11:31:23,753 - INFO - CommandHub cog loaded successfully
2025-01-09 11:45:33,432 - INFO - CommandHub cog loaded successfully
2025-01-10 15:39:05,229 - INFO - CommandHub cog loaded successfully
2025-01-10 15:39:27,610 - ERROR - Error executing command profile: This interaction has already been responded to before
2025-01-10 15:42:32,024 - INFO - CommandHub cog loaded successfully
2025-01-10 15:42:43,584 - ERROR - Error executing command profile: 'Command' object is not callable
2025-01-10 15:44:18,527 - INFO - CommandHub cog loaded successfully
2025-01-11 13:59:12,874 - INFO - CommandHub cog loaded successfully
2025-01-11 14:01:50,968 - INFO - CommandHub cog loaded successfully
2025-01-11 14:03:55,873 - INFO - CommandHub cog loaded successfully
2025-01-11 14:05:55,483 - INFO - CommandHub cog loaded successfully
2025-01-11 14:08:28,676 - INFO - CommandHub cog loaded successfully
2025-01-11 14:21:24,533 - INFO - CommandHub cog loaded successfully
2025-01-11 14:40:51,586 - INFO - CommandHub cog loaded successfully
2025-01-11 14:45:55,715 - INFO - CommandHub cog loaded successfully
2025-01-11 14:48:24,858 - INFO - CommandHub cog loaded successfully
2025-01-11 14:52:02,281 - INFO - CommandHub cog loaded successfully
2025-01-11 14:55:57,637 - INFO - CommandHub cog loaded successfully
2025-01-11 14:56:39,382 - INFO - CommandHub cog loaded successfully
2025-01-11 15:18:43,900 - INFO - CommandHub cog loaded successfully
2025-01-11 15:59:17,916 - INFO - CommandHub cog loaded successfully
2025-01-11 20:25:41,358 - INFO - CommandHub cog loaded successfully
2025-01-12 09:11:30,206 - INFO - CommandHub cog loaded successfully
2025-01-13 06:52:24,817 - INFO - CommandHub cog loaded successfully
2025-01-13 06:55:55,227 - INFO - CommandHub cog loaded successfully
2025-01-13 06:58:55,656 - INFO - CommandHub cog loaded successfully
2025-01-13 07:01:10,545 - INFO - CommandHub cog loaded successfully
2025-01-13 07:03:12,256 - INFO - CommandHub cog loaded successfully
2025-01-13 07:12:20,601 - INFO - CommandHub cog loaded successfully
2025-01-13 07:18:41,781 - INFO - CommandHub cog loaded successfully
2025-01-13 10:58:23,879 - INFO - CommandHub cog loaded successfully
2025-01-13 11:04:01,064 - INFO - CommandHub cog loaded successfully
2025-01-13 11:17:42,631 - INFO - CommandHub cog loaded successfully
2025-01-13 11:19:10,403 - INFO - CommandHub cog loaded successfully
2025-01-13 11:23:25,665 - INFO - CommandHub cog loaded successfully
2025-01-13 11:33:00,238 - INFO - CommandHub cog loaded successfully
2025-01-13 11:35:34,662 - INFO - CommandHub cog loaded successfully
2025-01-13 11:42:32,011 - INFO - CommandHub cog loaded successfully
2025-01-13 11:49:53,998 - INFO - CommandHub cog loaded successfully
2025-01-13 11:51:37,407 - INFO - CommandHub cog loaded successfully
2025-01-13 11:54:29,024 - INFO - CommandHub cog loaded successfully
2025-01-13 11:55:04,207 - INFO - CommandHub cog loaded successfully
2025-01-13 11:57:17,318 - INFO - CommandHub cog loaded successfully
2025-01-13 11:59:29,148 - INFO - CommandHub cog loaded successfully
2025-01-13 12:01:44,567 - INFO - CommandHub cog loaded successfully
2025-01-13 12:33:15,002 - INFO - CommandHub cog loaded successfully
2025-01-13 12:34:37,794 - INFO - CommandHub cog loaded successfully
2025-01-13 12:50:12,025 - INFO - CommandHub cog loaded successfully
2025-01-13 13:05:08,591 - INFO - CommandHub cog loaded successfully
2025-01-13 13:10:19,707 - INFO - CommandHub cog loaded successfully
2025-01-13 13:17:54,245 - INFO - CommandHub cog loaded successfully
2025-01-13 13:20:51,421 - INFO - CommandHub cog loaded successfully
2025-01-13 13:33:43,691 - INFO - CommandHub cog loaded successfully
2025-01-13 13:54:37,147 - INFO - CommandHub cog loaded successfully
2025-01-13 13:58:38,698 - INFO - CommandHub cog loaded successfully
2025-01-13 14:04:19,502 - INFO - CommandHub cog loaded successfully
2025-01-13 14:24:38,686 - INFO - CommandHub cog loaded successfully
2025-01-13 14:59:35,561 - INFO - CommandHub cog loaded successfully
2025-01-13 15:34:45,781 - INFO - CommandHub cog loaded successfully
2025-01-13 17:08:34,978 - INFO - CommandHub cog loaded successfully
2025-01-13 19:51:02,633 - INFO - CommandHub cog loaded successfully
2025-01-13 20:20:23,665 - INFO - CommandHub cog loaded successfully
2025-01-13 20:30:44,740 - INFO - CommandHub cog loaded successfully
2025-01-13 20:40:44,200 - INFO - CommandHub cog loaded successfully
2025-01-14 07:46:02,067 - INFO - CommandHub cog loaded successfully
2025-01-14 08:21:35,441 - INFO - CommandHub cog loaded successfully
2025-01-14 08:52:56,102 - INFO - CommandHub cog loaded successfully
2025-01-14 10:00:19,301 - INFO - CommandHub cog loaded successfully
2025-01-14 10:34:07,622 - INFO - CommandHub cog loaded successfully
2025-01-14 10:44:05,970 - INFO - CommandHub cog loaded successfully
2025-01-14 11:09:58,143 - INFO - CommandHub cog loaded successfully
2025-01-14 11:10:46,339 - INFO - CommandHub cog loaded successfully
2025-01-14 12:42:50,559 - INFO - CommandHub cog loaded successfully
2025-01-14 13:05:45,182 - INFO - CommandHub cog loaded successfully
2025-01-14 13:20:56,950 - INFO - CommandHub cog loaded successfully
2025-01-14 14:28:11,797 - INFO - CommandHub cog loaded successfully
2025-01-14 15:39:03,812 - INFO - CommandHub cog loaded successfully
2025-01-15 07:46:16,671 - INFO - CommandHub cog loaded successfully
2025-01-15 09:29:10,660 - INFO - CommandHub cog loaded successfully
2025-01-15 09:32:47,432 - INFO - CommandHub cog loaded successfully
2025-01-15 09:37:23,240 - INFO - CommandHub cog loaded successfully
2025-01-16 21:23:54,607 - INFO - CommandHub cog loaded successfully
2025-01-17 09:34:37,917 - INFO - CommandHub cog loaded successfully
2025-01-17 09:37:00,014 - INFO - CommandHub cog loaded successfully
2025-01-17 09:38:26,106 - INFO - CommandHub cog loaded successfully
2025-01-17 09:39:27,697 - INFO - CommandHub cog loaded successfully
2025-01-17 09:46:56,427 - INFO - CommandHub cog loaded successfully
2025-01-17 09:52:04,095 - INFO - CommandHub cog loaded successfully
2025-01-24 19:13:20,299 - INFO - CommandHub cog loaded successfully
2025-01-29 13:00:43,168 - INFO - CommandHub cog loaded successfully
2025-02-01 10:33:35,056 - INFO - CommandHub cog loaded successfully
2025-02-01 10:42:01,980 - INFO - CommandHub cog loaded successfully
2025-02-02 12:39:50,344 - INFO - CommandHub cog loaded successfully
2025-02-02 12:48:28,343 - INFO - CommandHub cog loaded successfully
2025-02-03 06:49:20,928 - INFO - CommandHub cog loaded successfully
2025-02-05 09:25:52,383 - INFO - CommandHub cog loaded successfully
2025-02-07 07:48:22,731 - INFO - CommandHub cog loaded successfully
2025-02-07 07:54:30,037 - INFO - CommandHub cog loaded successfully
2025-02-07 12:03:13,440 - INFO - CommandHub cog loaded successfully
2025-02-07 12:10:25,623 - INFO - CommandHub cog loaded successfully
2025-02-08 09:59:10,533 - INFO - CommandHub cog loaded successfully
2025-02-09 16:13:52,537 - INFO - CommandHub cog loaded successfully
2025-02-09 16:15:32,412 - INFO - CommandHub cog loaded successfully
2025-02-09 16:21:54,647 - INFO - CommandHub cog loaded successfully
2025-02-09 16:30:58,050 - INFO - CommandHub cog loaded successfully
2025-02-10 08:45:25,078 - INFO - CommandHub cog loaded successfully
2025-02-10 13:55:36,129 - INFO - CommandHub cog loaded successfully
2025-02-10 14:40:06,635 - INFO - CommandHub cog loaded successfully
2025-02-10 14:43:40,837 - INFO - CommandHub cog loaded successfully
2025-02-10 14:49:12,564 - INFO - CommandHub cog loaded successfully
2025-02-10 14:52:14,574 - INFO - CommandHub cog loaded successfully
2025-02-10 14:56:29,986 - INFO - CommandHub cog loaded successfully
2025-02-10 14:57:12,150 - INFO - CommandHub cog loaded successfully
2025-02-10 15:05:49,911 - INFO - CommandHub cog loaded successfully
2025-02-10 15:12:50,606 - INFO - CommandHub cog loaded successfully
2025-02-10 15:16:32,878 - INFO - CommandHub cog loaded successfully
2025-02-10 15:20:38,023 - INFO - CommandHub cog loaded successfully
2025-02-10 16:27:43,920 - INFO - CommandHub cog loaded successfully
2025-02-10 16:33:08,506 - INFO - CommandHub cog loaded successfully
2025-02-10 16:40:14,537 - INFO - CommandHub cog loaded successfully
2025-02-10 19:11:25,911 - INFO - CommandHub cog loaded successfully
2025-02-11 06:56:27,655 - INFO - CommandHub cog loaded successfully
2025-02-11 07:09:22,466 - INFO - CommandHub cog loaded successfully
2025-02-11 07:10:46,681 - INFO - CommandHub cog loaded successfully
2025-02-13 11:31:24,469 - INFO - CommandHub cog loaded successfully
2025-02-13 12:03:27,818 - INFO - CommandHub cog loaded successfully
2025-02-13 12:07:41,249 - ERROR - Error executing command balance: BankingCog.balance() missing 1 required positional argument: 'interaction'
2025-02-14 10:41:54,459 - INFO - CommandHub cog loaded successfully
2025-02-14 13:13:57,748 - INFO - CommandHub cog loaded successfully
2025-02-14 13:21:24,229 - INFO - CommandHub cog loaded successfully
2025-02-14 13:23:24,168 - INFO - CommandHub cog loaded successfully
2025-02-14 13:30:59,612 - INFO - CommandHub cog loaded successfully
2025-02-14 13:37:07,756 - INFO - CommandHub cog loaded successfully
2025-02-14 14:17:55,760 - INFO - CommandHub cog loaded successfully
2025-02-15 06:32:47,639 - INFO - CommandHub cog loaded successfully
2025-02-16 15:39:37,026 - INFO - CommandHub cog loaded successfully
2025-02-16 19:12:10,663 - INFO - CommandHub cog loaded successfully
2025-02-16 20:48:00,031 - INFO - CommandHub cog loaded successfully
2025-02-16 21:00:19,549 - INFO - CommandHub cog loaded successfully
2025-02-16 22:45:26,578 - INFO - CommandHub cog loaded successfully
2025-02-16 22:49:30,650 - INFO - CommandHub cog loaded successfully
2025-02-16 23:26:40,160 - INFO - CommandHub cog loaded successfully
2025-02-17 10:31:35,182 - INFO - CommandHub cog loaded successfully
2025-02-17 10:40:03,591 - INFO - CommandHub cog loaded successfully
2025-02-17 11:26:40,033 - INFO - CommandHub cog loaded successfully
2025-02-17 17:41:26,049 - INFO - CommandHub cog loaded successfully
2025-02-17 17:59:06,896 - INFO - CommandHub cog loaded successfully
2025-02-17 18:03:00,484 - INFO - CommandHub cog loaded successfully
2025-02-18 09:59:03,644 - INFO - CommandHub cog loaded successfully
2025-02-18 10:36:58,556 - INFO - CommandHub cog loaded successfully
2025-02-18 10:54:54,118 - INFO - CommandHub cog loaded successfully
2025-02-18 13:58:09,559 - INFO - CommandHub cog loaded successfully
2025-02-18 14:03:00,137 - INFO - CommandHub cog loaded successfully
2025-02-18 14:23:56,866 - INFO - CommandHub cog loaded successfully
2025-02-18 15:52:23,794 - INFO - CommandHub cog loaded successfully
2025-02-18 15:55:06,054 - INFO - CommandHub cog loaded successfully
2025-02-18 16:00:36,926 - INFO - CommandHub cog loaded successfully
2025-02-18 16:04:11,279 - INFO - CommandHub cog loaded successfully
2025-02-18 16:06:16,990 - INFO - CommandHub cog loaded successfully
2025-02-18 16:12:26,788 - INFO - CommandHub cog loaded successfully
2025-02-18 16:17:23,390 - INFO - CommandHub cog loaded successfully
2025-02-18 16:20:40,940 - INFO - CommandHub cog loaded successfully
2025-02-18 16:25:04,185 - INFO - CommandHub cog loaded successfully
2025-02-21 06:58:32,909 - INFO - CommandHub cog loaded successfully
2025-02-21 07:21:27,958 - INFO - CommandHub cog loaded successfully
2025-02-21 14:22:57,847 - INFO - CommandHub cog loaded successfully
2025-02-21 14:39:39,680 - INFO - CommandHub cog loaded successfully
2025-02-21 14:42:29,941 - INFO - CommandHub cog loaded successfully
2025-02-21 14:45:57,942 - INFO - CommandHub cog loaded successfully
2025-02-21 14:57:01,483 - INFO - CommandHub cog loaded successfully
2025-02-21 15:00:22,550 - INFO - CommandHub cog loaded successfully
2025-02-21 15:24:42,686 - INFO - CommandHub cog loaded successfully
2025-02-25 09:26:51,534 - INFO - CommandHub cog loaded successfully
2025-02-25 09:28:42,940 - INFO - CommandHub cog loaded successfully
2025-02-25 09:29:17,108 - INFO - CommandHub cog loaded successfully
2025-02-25 09:36:10,171 - INFO - CommandHub cog loaded successfully
2025-02-25 09:38:27,489 - INFO - CommandHub cog loaded successfully
2025-02-25 09:45:00,334 - INFO - CommandHub cog loaded successfully
2025-02-25 09:59:11,014 - INFO - CommandHub cog loaded successfully
2025-02-25 10:02:18,610 - INFO - CommandHub cog loaded successfully
2025-02-25 10:04:43,184 - INFO - CommandHub cog loaded successfully
2025-02-25 10:18:16,951 - INFO - CommandHub cog loaded successfully
2025-02-25 10:25:04,530 - INFO - CommandHub cog loaded successfully
2025-02-25 10:26:15,235 - INFO - CommandHub cog loaded successfully
2025-02-25 10:31:52,871 - INFO - CommandHub cog loaded successfully
2025-02-25 10:32:13,341 - INFO - CommandHub cog loaded successfully
2025-02-25 10:35:04,335 - INFO - CommandHub cog loaded successfully
2025-02-25 12:43:38,847 - INFO - CommandHub cog loaded successfully
2025-02-25 13:10:51,630 - INFO - CommandHub cog loaded successfully
2025-02-25 13:12:46,827 - INFO - CommandHub cog loaded successfully
2025-02-25 13:52:01,634 - INFO - CommandHub cog loaded successfully
2025-02-25 13:57:49,436 - INFO - CommandHub cog loaded successfully
2025-02-25 14:01:49,975 - INFO - CommandHub cog loaded successfully
2025-02-25 14:20:22,549 - INFO - CommandHub cog loaded successfully
2025-02-25 14:26:00,759 - INFO - CommandHub cog loaded successfully
2025-02-25 15:06:17,237 - INFO - CommandHub cog loaded successfully
2025-02-25 15:21:33,165 - INFO - CommandHub cog loaded successfully
2025-02-25 15:24:40,499 - INFO - CommandHub cog loaded successfully
2025-02-25 15:33:49,503 - INFO - CommandHub cog loaded successfully
2025-02-25 15:36:45,068 - INFO - CommandHub cog loaded successfully
2025-02-25 15:37:52,944 - INFO - CommandHub cog loaded successfully
2025-02-25 15:42:29,901 - INFO - CommandHub cog loaded successfully
2025-02-25 15:46:00,963 - INFO - CommandHub cog loaded successfully
2025-02-25 15:48:43,413 - INFO - CommandHub cog loaded successfully
2025-02-25 15:50:28,616 - INFO - CommandHub cog loaded successfully
2025-02-25 16:13:05,901 - INFO - CommandHub cog loaded successfully
2025-02-25 16:22:48,475 - INFO - CommandHub cog loaded successfully
2025-02-25 16:23:32,462 - INFO - CommandHub cog loaded successfully
2025-02-25 17:47:50,057 - INFO - CommandHub cog loaded successfully
2025-02-25 18:32:22,958 - INFO - CommandHub cog loaded successfully
2025-02-25 18:59:23,627 - INFO - CommandHub cog loaded successfully
2025-02-25 20:30:46,579 - INFO - CommandHub cog loaded successfully
2025-02-25 20:43:07,483 - INFO - CommandHub cog loaded successfully
2025-02-26 08:05:17,497 - INFO - CommandHub cog loaded successfully
2025-02-26 08:38:58,995 - INFO - CommandHub cog loaded successfully
2025-02-27 08:14:42,830 - INFO - CommandHub cog loaded successfully
2025-02-27 11:42:13,569 - INFO - CommandHub cog loaded successfully
2025-02-27 11:57:57,132 - INFO - CommandHub cog loaded successfully
2025-02-27 13:35:35,923 - INFO - CommandHub cog loaded successfully
2025-02-27 14:53:05,916 - INFO - CommandHub cog loaded successfully
2025-02-28 08:38:50,236 - INFO - CommandHub cog loaded successfully
2025-02-28 09:33:31,923 - INFO - CommandHub cog loaded successfully
2025-02-28 09:37:00,443 - INFO - CommandHub cog loaded successfully
2025-02-28 15:42:42,928 - INFO - CommandHub cog loaded successfully
2025-03-01 08:47:31,851 - INFO - CommandHub cog loaded successfully
2025-03-01 11:01:28,393 - INFO - CommandHub cog loaded successfully
2025-03-01 16:54:40,688 - INFO - CommandHub cog loaded successfully
2025-03-02 14:54:22,722 - INFO - CommandHub cog loaded successfully
2025-03-03 11:05:27,345 - INFO - CommandHub cog initialized
2025-03-03 11:05:27,345 - INFO - CommandHub cog loaded successfully
2025-03-03 11:35:12,132 - INFO - CommandHub cog initialized
2025-03-03 11:35:12,133 - INFO - CommandHub cog loaded successfully
2025-03-03 11:40:10,759 - ERROR - Error executing command profile: ProfileCog.profile() missing 1 required positional argument: 'interaction'
2025-03-03 11:40:13,855 - ERROR - Error in execute_command for profile: 404 Not Found (error code: 10015): Unknown Webhook
2025-03-03 11:40:41,266 - ERROR - Error executing command list_missions: MissionCog.list_missions() missing 1 required positional argument: 'interaction'
2025-03-03 11:40:44,301 - ERROR - Error in execute_command for list_missions: 404 Not Found (error code: 10015): Unknown Webhook
2025-03-03 12:06:04,483 - ERROR - Error executing command profile: ProfileCog.profile() missing 1 required positional argument: 'interaction'
2025-03-03 12:06:07,618 - ERROR - Error in execute_command for profile: 404 Not Found (error code: 10015): Unknown Webhook
2025-03-03 12:07:22,968 - INFO - CommandHub cog initialized
2025-03-03 12:07:22,968 - INFO - CommandHub cog loaded successfully with autocomplete and selection features
2025-03-03 12:48:32,851 - ERROR - Error calling direct method for profile: 'Command' object is not callable
2025-03-03 12:48:40,282 - ERROR - Error calling direct method for profile: 'Command' object is not callable
2025-03-03 20:46:26,857 - INFO - CommandHub cog initialized
2025-03-03 20:46:26,858 - INFO - CommandHub cog loaded successfully with autocomplete and selection features
2025-03-03 22:35:52,967 - INFO - CommandHub cog initialized
2025-03-03 22:35:52,967 - INFO - CommandHub cog loaded successfully with autocomplete and selection features
2025-03-04 07:59:02,614 - INFO - CommandHub cog initialized
2025-03-04 07:59:02,614 - INFO - CommandHub cog loaded successfully with autocomplete and selection features
2025-03-04 19:08:28,226 - INFO - CommandHub cog initialized
2025-03-04 19:08:28,226 - INFO - CommandHub cog loaded successfully with autocomplete and selection features
2025-03-07 09:49:02,495 - INFO - CommandHub cog initialized
2025-03-07 09:49:02,496 - INFO - CommandHub cog loaded successfully with autocomplete and selection features
2025-03-07 12:40:57,817 - INFO - CommandHub cog initialized
2025-03-07 12:40:57,818 - INFO - CommandHub cog loaded successfully with autocomplete and selection features
2025-03-07 13:40:56,597 - INFO - CommandHub cog initialized
2025-03-07 13:40:56,597 - INFO - CommandHub cog loaded successfully with autocomplete and selection features
2025-03-08 13:27:21,606 - INFO - CommandHub cog initialized
2025-03-08 13:27:21,607 - INFO - CommandHub cog loaded successfully with autocomplete and selection features
2025-03-08 15:50:32,546 - INFO - CommandHub cog initialized
2025-03-08 15:50:32,546 - INFO - CommandHub cog loaded successfully with autocomplete and selection features
2025-03-08 17:24:08,543 - INFO - CommandHub cog initialized
2025-03-08 17:24:08,543 - INFO - CommandHub cog loaded successfully with autocomplete and selection features
2025-03-09 13:55:20,581 - INFO - CommandHub cog initialized
2025-03-09 13:55:20,582 - INFO - CommandHub cog loaded successfully with autocomplete and selection features
2025-03-09 15:14:32,595 - INFO - CommandHub cog initialized
2025-03-09 15:14:32,595 - INFO - CommandHub cog loaded successfully with autocomplete and selection features
2025-03-09 17:53:21,534 - INFO - CommandHub cog initialized
2025-03-09 17:53:21,534 - INFO - CommandHub cog loaded successfully with autocomplete and selection features
2025-03-09 19:19:50,139 - INFO - CommandHub cog initialized
2025-03-09 19:19:50,139 - INFO - CommandHub cog loaded successfully with autocomplete and selection features
2025-03-11 06:58:03,926 - INFO - Registered main command hub commands
2025-03-11 06:58:03,926 - INFO - CommandHub cog initialized
2025-03-11 06:58:03,926 - INFO - CommandHub cog loaded successfully with autocomplete and selection features
