2024-10-25 07:26:44,053 - 
Duplicate Records Found for User: ADM Selco13 (ID: 330171394019033099)
2024-10-25 07:26:44,053 - Record 1:
  Row ID: i-jJbppmsoeS
  ID Number: ND-21-0308
  Division: ND
  Rank: Associate
  Join Date: 
  Created At: 2024-10-25T00:29:42.098Z
  Updated At: 2024-10-25T00:30:15.465Z

2024-10-25 07:26:44,053 - Record 2:
  Row ID: i-rQDUlaL88A
  ID Number: ND-19-4187
  Division: ND
  Rank: Crewman Recruit
  Join Date: 
  Created At: 2024-10-25T00:12:09.948Z
  Updated At: 2024-10-25T00:16:07.892Z

2024-10-25 07:26:44,053 - Record 3:
  Row ID: i-KiA8oOtyN5
  ID Number: ND-16-5939
  Division: Non-Division
  Rank: Petty Officer 3rd Class
  Join Date: 2954-10-15
  Created At: 2024-10-23T15:52:46.558Z
  Updated At: 2024-10-23T19:20:02.330Z

2024-10-25 07:26:44,053 - Record 4:
  Row ID: i-vA5FMuqc7N
  ID Number: ND-21-7736
  Division: ND
  Rank: Associate
  Join Date: 
  Created At: 2024-10-23T15:52:46.558Z
  Updated At: 2024-10-23T15:52:46.558Z

2024-10-25 07:26:44,053 - Record 5:
  Row ID: i-Yl7yH971j-
  ID Number: ND-21-7834
  Division: ND
  Rank: Associate
  Join Date: 
  Created At: 2024-10-23T15:52:46.558Z
  Updated At: 2024-10-23T15:52:46.558Z

2024-10-25 07:26:44,053 - Record 6:
  Row ID: i-endIviM4Xo
  ID Number: ND-21-7837
  Division: ND
  Rank: Associate
  Join Date: 
  Created At: 2024-10-23T15:52:46.558Z
  Updated At: 2024-10-23T15:52:46.558Z

2024-10-25 07:26:44,054 - Record 7:
  Row ID: i-S_RDcujuAv
  ID Number: ND-21-7991
  Division: ND
  Rank: Associate
  Join Date: 
  Created At: 2024-10-23T15:52:46.558Z
  Updated At: 2024-10-23T15:52:46.558Z

2024-10-25 07:26:44,054 - Record 8:
  Row ID: i-_GGYHjTm3T
  ID Number: ND-21-8049
  Division: ND
  Rank: Associate
  Join Date: 
  Created At: 2024-10-23T15:52:46.558Z
  Updated At: 2024-10-23T15:52:46.558Z

2024-10-25 07:26:44,054 - Record 9:
  Row ID: i-n6CUM22lDg
  ID Number: ND-21-8371
  Division: ND
  Rank: Associate
  Join Date: 
  Created At: 2024-10-23T15:52:46.558Z
  Updated At: 2024-10-23T15:52:46.558Z

2024-10-25 07:26:44,054 - Record 10:
  Row ID: i-PrptLkOCiZ
  ID Number: ND-21-8419
  Division: ND
  Rank: Associate
  Join Date: 
  Created At: 2024-10-23T15:52:46.558Z
  Updated At: 2024-10-23T15:52:46.558Z

2024-10-25 07:26:44,054 - Record 11:
  Row ID: i-vUICGY4amo
  ID Number: ND-21-8731
  Division: ND
  Rank: Associate
  Join Date: 
  Created At: 2024-10-23T15:52:46.558Z
  Updated At: 2024-10-23T15:52:46.558Z

2024-10-25 07:26:44,054 - Record 12:
  Row ID: i-YyNRvAKMNo
  ID Number: ND-21-8739
  Division: ND
  Rank: Associate
  Join Date: 
  Created At: 2024-10-23T15:52:46.558Z
  Updated At: 2024-10-23T15:52:46.558Z

2024-10-25 07:26:44,054 - Record 13:
  Row ID: i-3pJDqdwHsa
  ID Number: ND-21-8810
  Division: ND
  Rank: Associate
  Join Date: 
  Created At: 2024-10-23T15:52:46.558Z
  Updated At: 2024-10-23T15:52:46.558Z

2024-10-25 07:26:44,055 - Record 14:
  Row ID: i-y3JlJHSAh4
  ID Number: ND-21-8858
  Division: ND
  Rank: Associate
  Join Date: 
  Created At: 2024-10-23T15:52:46.558Z
  Updated At: 2024-10-23T15:52:46.558Z

2024-10-25 07:26:44,055 - Record 15:
  Row ID: i-BOuLwlRNXN
  ID Number: ND-21-8895
  Division: ND
  Rank: Associate
  Join Date: 
  Created At: 2024-10-23T15:52:46.558Z
  Updated At: 2024-10-23T15:52:46.558Z

2024-10-25 07:26:44,055 - Record 16:
  Row ID: i-xF7dVJV1wY
  ID Number: ND-21-9250
  Division: ND
  Rank: Associate
  Join Date: 
  Created At: 2024-10-23T15:52:46.558Z
  Updated At: 2024-10-23T15:52:46.558Z

2024-10-25 07:26:44,055 - Record 17:
  Row ID: i-PrWO_DSyfI
  ID Number: ND-21-9334
  Division: ND
  Rank: Associate
  Join Date: 
  Created At: 2024-10-23T15:52:46.558Z
  Updated At: 2024-10-23T15:52:46.558Z

2024-10-25 07:26:44,055 - Record 18:
  Row ID: i-8gtcdbWQyi
  ID Number: ND-21-9723
  Division: ND
  Rank: Associate
  Join Date: 
  Created At: 2024-10-23T15:52:46.558Z
  Updated At: 2024-10-23T15:52:46.558Z

2024-10-25 07:26:44,055 - Record 19:
  Row ID: i-WrYtnIaPj7
  ID Number: ND-21-9794
  Division: ND
  Rank: Associate
  Join Date: 
  Created At: 2024-10-23T15:52:46.558Z
  Updated At: 2024-10-23T15:52:46.558Z

2024-10-25 07:26:44,056 - Record 20:
  Row ID: i-GpGGOmrwWI
  ID Number: ND-21-9951
  Division: ND
  Rank: Associate
  Join Date: 
  Created At: 2024-10-23T15:52:46.558Z
  Updated At: 2024-10-23T15:52:46.558Z

2024-10-25 07:26:44,056 - Record 21:
  Row ID: i-7QIFcln9rQ
  ID Number: ND-21-9989
  Division: ND
  Rank: Associate
  Join Date: 
  Created At: 2024-10-23T15:52:46.558Z
  Updated At: 2024-10-23T15:52:46.558Z

2024-10-25 07:26:44,056 - Record 22:
  Row ID: i-j3iYzDEbSm
  ID Number: OP-4-0033
  Division: OP
  Rank: Rear Admiral Lower Half
  Join Date: 
  Created At: 2024-10-23T15:52:46.558Z
  Updated At: 2024-10-23T15:52:46.558Z

2024-10-25 07:26:44,056 - Record 23:
  Row ID: i-miAuDvMdpx
  ID Number: OP-10-0012
  Division: OP
  Rank: Lieutenant
  Join Date: 
  Created At: 2024-10-23T15:52:46.558Z
  Updated At: 2024-10-23T15:52:46.558Z

2024-10-25 07:26:44,056 - Record 24:
  Row ID: i-RH-KtQiRfx
  ID Number: OP-11-0020
  Division: OP
  Rank: Lieutenant Junior Grade
  Join Date: 
  Created At: 2024-10-23T15:52:46.558Z
  Updated At: 2024-10-23T15:52:46.558Z

2024-10-25 07:26:44,056 - Record 25:
  Row ID: i-O_gHjS5MW4
  ID Number: OP-11-4329
  Division: Operations
  Rank: Captain
  Join Date: 
  Created At: 2024-10-23T15:52:46.558Z
  Updated At: 2024-10-23T15:52:46.558Z

2024-10-25 07:26:44,057 - Record 26:
  Row ID: i-AgPmN65H1o
  ID Number: OP-15-4732
  Division: OP
  Rank: Petty Officer 2nd Class
  Join Date: 
  Created At: 2024-10-23T15:52:46.558Z
  Updated At: 2024-10-23T15:52:46.558Z

2024-10-25 07:26:44,057 - Record 27:
  Row ID: i-MC94RKhI7C
  ID Number: OP-15-8006
  Division: OP
  Rank: Petty Officer 2nd Class
  Join Date: 
  Created At: 2024-10-23T15:52:46.558Z
  Updated At: 2024-10-23T15:52:46.558Z

2024-10-25 07:26:44,057 - Record 28:
  Row ID: i-Cti9ONycgz
  ID Number: OP-15-8112
  Division: OP
  Rank: Petty Officer 2nd Class
  Join Date: 
  Created At: 2024-10-23T15:52:46.558Z
  Updated At: 2024-10-23T15:52:46.558Z

2024-10-25 07:26:44,057 - Record 29:
  Row ID: i-dTQAGM9YTd
  ID Number: OP-15-9148
  Division: OP
  Rank: Petty Officer 2nd Class
  Join Date: 
  Created At: 2024-10-23T15:52:46.558Z
  Updated At: 2024-10-23T15:52:46.558Z

2024-10-25 07:26:44,057 - Record 30:
  Row ID: i-ptaWXDLLZA
  ID Number: OP-16-9254
  Division: OP
  Rank: Petty Officer 3rd Class
  Join Date: 
  Created At: 2024-10-23T15:52:46.558Z
  Updated At: 2024-10-23T15:52:46.558Z

2024-10-25 07:26:44,057 - Record 31:
  Row ID: i-B9l-7Fi7W3
  ID Number: OP-17-8324
  Division: OP
  Rank: Crewman
  Join Date: 
  Created At: 2024-10-23T15:52:46.558Z
  Updated At: 2024-10-23T15:52:46.558Z

2024-10-25 07:26:44,058 - Record 32:
  Row ID: i-AuytGk6EeW
  ID Number: SP-5-2170
  Division: SP
  Rank: Commodore
  Join Date: 
  Created At: 2024-10-23T15:52:46.558Z
  Updated At: 2024-10-23T15:52:46.558Z

2024-10-25 07:26:44,058 - Record 33:
  Row ID: i-AvM132bMFm
  ID Number: SP-6-0587
  Division: SP
  Rank: Fleet Captain
  Join Date: 
  Created At: 2024-10-23T15:52:46.558Z
  Updated At: 2024-10-23T15:52:46.558Z

2024-10-25 07:26:44,058 - Record 34:
  Row ID: i-7O72_5hzVn
  ID Number: SP-7-2316
  Division: SP
  Rank: Captain
  Join Date: 
  Created At: 2024-10-23T15:52:46.558Z
  Updated At: 2024-10-23T15:52:46.558Z

2024-10-25 07:26:44,058 - Record 35:
  Row ID: i-p_-p4bXPQX
  ID Number: SP-11-0042
  Division: SP
  Rank: Lieutenant Junior Grade
  Join Date: 
  Created At: 2024-10-23T15:52:46.558Z
  Updated At: 2024-10-23T15:52:46.558Z

2024-10-25 07:26:44,058 - Record 36:
  Row ID: i-Ay-c7-4jMQ
  ID Number: SP-11-5217
  Division: SP
  Rank: Lieutenant Junior Grade
  Join Date: 
  Created At: 2024-10-23T15:52:46.558Z
  Updated At: 2024-10-23T15:52:46.558Z

2024-10-25 07:26:44,058 - Record 37:
  Row ID: i-DYiFQR3P-z
  ID Number: SP-12-7230
  Division: SP
  Rank: Ensign
  Join Date: 
  Created At: 2024-10-23T15:52:46.558Z
  Updated At: 2024-10-23T15:52:46.558Z

2024-10-25 07:26:44,059 - Record 38:
  Row ID: i-lPykCuJ-Gq
  ID Number: SP-14-1469
  Division: SP
  Rank: Petty Officer 1st Class
  Join Date: 
  Created At: 2024-10-23T15:52:46.558Z
  Updated At: 2024-10-23T15:52:46.558Z

2024-10-25 07:26:44,059 - Record 39:
  Row ID: i-DftuAhJRQi
  ID Number: SP-16-0049
  Division: SP
  Rank: Petty Officer 3rd Class
  Join Date: 
  Created At: 2024-10-23T15:52:46.558Z
  Updated At: 2024-10-23T15:52:46.558Z

2024-10-25 07:26:44,059 - Record 40:
  Row ID: i-cko_mn7Gdh
  ID Number: TC-4-0032
  Division: TC
  Rank: Rear Admiral Lower Half
  Join Date: 
  Created At: 2024-10-23T15:52:46.558Z
  Updated At: 2024-10-24T03:56:56.705Z

2024-10-25 07:26:44,059 - Record 41:
  Row ID: i-BOPWwjvpls
  ID Number: TC-5-0039
  Division: TC
  Rank: Commodore
  Join Date: 
  Created At: 2024-10-23T15:52:46.558Z
  Updated At: 2024-10-24T03:34:34.271Z

2024-10-25 07:26:44,059 - Record 42:
  Row ID: i-soIRNYdpM6
  ID Number: TC-5-0040
  Division: TC
  Rank: Commodore
  Join Date: 
  Created At: 2024-10-23T15:52:46.558Z
  Updated At: 2024-10-24T04:37:12.016Z

2024-10-25 07:26:44,059 - Record 43:
  Row ID: i-iyPzy9jPYO
  ID Number: TC-6-9299
  Division: TC
  Rank: Fleet Captain
  Join Date: 
  Created At: 2024-10-23T15:52:46.558Z
  Updated At: 2024-10-24T03:55:37.515Z

2024-10-25 07:26:44,060 - Record 44:
  Row ID: i-7CO611IR1v
  ID Number: TC-7-0016
  Division: TC
  Rank: Captain
  Join Date: 
  Created At: 2024-10-23T15:52:46.558Z
  Updated At: 2024-10-24T03:34:36.211Z

2024-10-25 07:26:44,060 - Record 45:
  Row ID: i-QQG_bQAkAh
  ID Number: TC-7-0031
  Division: TC
  Rank: Captain
  Join Date: 
  Created At: 2024-10-23T15:52:46.558Z
  Updated At: 2024-10-24T03:34:37.294Z

2024-10-25 07:26:44,060 - Record 46:
  Row ID: i-_reoY_jdTl
  ID Number: TC-9-0053
  Division: TC
  Rank: First Lieutenant
  Join Date: 
  Created At: 2024-10-23T15:52:46.558Z
  Updated At: 2024-10-24T03:45:01.833Z

2024-10-25 07:26:44,060 - Record 47:
  Row ID: i-5cplqirjB6
  ID Number: TC-10-0028
  Division: TC
  Rank: Lieutenant
  Join Date: 
  Created At: 2024-10-23T15:52:46.558Z
  Updated At: 2024-10-24T03:34:39.261Z

2024-10-25 07:26:44,060 - Record 48:
  Row ID: i-m-59jRpgD-
  ID Number: TC-11-5837
  Division: TC
  Rank: Lieutenant Junior Grade
  Join Date: 
  Created At: 2024-10-23T15:52:46.558Z
  Updated At: 2024-10-24T03:34:40.023Z

2024-10-25 07:26:44,060 - Record 49:
  Row ID: i-Hm4E5jge84
  ID Number: TC-12-5095
  Division: TC
  Rank: Private First Class
  Join Date: 
  Created At: 2024-10-23T15:52:46.558Z
  Updated At: 2024-10-23T15:52:46.558Z

2024-10-25 07:26:44,060 - Record 50:
  Row ID: i-4UEFJ0l77N
  ID Number: TC-12-7323
  Division: TC
  Rank: Private First Class
  Join Date: 
  Created At: 2024-10-23T15:52:46.558Z
  Updated At: 2024-10-24T03:34:49.877Z

2024-10-25 07:26:44,061 - Record 51:
  Row ID: i-s9sbMU3wyb
  ID Number: TC-14-0075
  Division: TC
  Rank: Petty Officer 1st Class
  Join Date: 
  Created At: 2024-10-23T15:52:46.558Z
  Updated At: 2024-10-24T03:34:48.654Z

2024-10-25 07:26:44,061 - Record 52:
  Row ID: i-5xow5mnsqh
  ID Number: TC-14-0080
  Division: TC
  Rank: Petty Officer 1st Class
  Join Date: 
  Created At: 2024-10-23T15:52:46.558Z
  Updated At: 2024-10-24T03:42:21.665Z

2024-10-25 07:26:44,061 - Record 53:
  Row ID: i-KKywN9oPCK
  ID Number: TC-14-2275
  Division: TC
  Rank: Lance Corporal
  Join Date: 
  Created At: 2024-10-23T15:52:46.558Z
  Updated At: 2024-10-24T04:25:16.229Z

2024-10-25 07:26:44,061 - Record 54:
  Row ID: i-sSpUCui9Xh
  ID Number: TC-14-5313
  Division: TC
  Rank: Petty Officer 1st Class
  Join Date: 
  Created At: 2024-10-23T15:52:46.558Z
  Updated At: 2024-10-24T03:46:28.608Z

2024-10-25 07:26:44,061 - Record 55:
  Row ID: i-aeOKwfGv30
  ID Number: TC-14-8215
  Division: TC
  Rank: Petty Officer 1st Class
  Join Date: 
  Created At: 2024-10-23T15:52:46.558Z
  Updated At: 2024-10-24T03:34:55.535Z

2024-10-25 07:26:44,061 - Record 56:
  Row ID: i-rjxg7ByaIN
  ID Number: TC-15-2170
  Division: TC
  Rank: Petty Officer 2nd Class
  Join Date: 
  Created At: 2024-10-23T15:52:46.558Z
  Updated At: 2024-10-24T03:39:35.421Z

2024-10-25 07:26:44,062 - Record 57:
  Row ID: i-LsLdKYUvhQ
  ID Number: TC-15-6844
  Division: TC
  Rank: Petty Officer 2nd Class
  Join Date: 
  Created At: 2024-10-23T15:52:46.558Z
  Updated At: 2024-10-24T03:34:58.285Z

2024-10-25 07:26:44,062 - Record 58:
  Row ID: i-JdUCX4DaVL
  ID Number: TC-16-3654
  Division: TC
  Rank: Petty Officer 3rd Class
  Join Date: 
  Created At: 2024-10-23T15:52:46.558Z
  Updated At: 2024-10-24T03:41:56.567Z

2024-10-25 07:26:44,062 - Record 59:
  Row ID: i-PisKdiIJ-g
  ID Number: TC-17-0999
  Division: TC
  Rank: Petty Officer 2nd Class
  Join Date: 
  Created At: 2024-10-23T15:52:46.558Z
  Updated At: 2024-10-24T03:35:02.142Z

2024-10-25 07:26:44,062 - Record 60:
  Row ID: i-eGqOkbfvhL
  ID Number: ND-17-2356
  Division: ND
  Rank: Crewman
  Join Date: 
  Created At: 2024-10-22T18:16:07.573Z
  Updated At: 2024-10-24T03:33:02.172Z

2024-10-25 07:26:44,062 - Record 61:
  Row ID: i-M2eGOqy6TE
  ID Number: ND-17-8306
  Division: ND
  Rank: Crewman
  Join Date: 
  Created At: 2024-10-18T19:02:36.167Z
  Updated At: 2024-10-23T15:52:46.558Z

2024-10-25 07:26:44,062 - Record 62:
  Row ID: i-emQ6zC3olH
  ID Number: ND-19-5616
  Division: ND
  Rank: Crewman Recruit
  Join Date: 
  Created At: 2024-10-18T19:02:36.007Z
  Updated At: 2024-10-23T15:52:46.558Z

2024-10-25 07:26:44,062 - Record 63:
  Row ID: i-_l15m5Fu6S
  ID Number: ND-19-7222
  Division: ND
  Rank: Crewman Recruit
  Join Date: 
  Created At: 2024-10-18T19:02:35.573Z
  Updated At: 2024-10-23T15:52:46.558Z

2024-10-25 07:26:44,063 - Record 64:
  Row ID: i-Dm6jOiSCtd
  ID Number: ND-6-2109
  Division: ND
  Rank: Fleet Captain
  Join Date: 
  Created At: 2024-10-18T19:02:32.193Z
  Updated At: 2024-10-24T03:31:57.138Z

2024-10-25 07:26:44,063 - Record 65:
  Row ID: i-bFaHbXNVL_
  ID Number: ND-21-0785
  Division: ND
  Rank: Associate
  Join Date: 
  Created At: 2024-10-18T19:02:31.926Z
  Updated At: 2024-10-23T15:52:46.558Z

2024-10-25 07:26:44,063 - Record 66:
  Row ID: i-ZOUX8gE0jD
  ID Number: ND-16-7249
  Division: ND
  Rank: Petty Officer 3rd Class
  Join Date: 
  Created At: 2024-10-18T19:02:24.924Z
  Updated At: 2024-10-23T15:52:46.558Z

2024-10-25 07:26:44,063 - Record 67:
  Row ID: i-gt6UMk8VU0
  ID Number: ND-19-2684
  Division: ND
  Rank: Crewman Recruit
  Join Date: 
  Created At: 2024-10-18T19:02:22.722Z
  Updated At: 2024-10-23T15:52:46.558Z

2024-10-25 07:26:44,064 - Record 68:
  Row ID: i-lYT2RRyRvN
  ID Number: ND-19-6990
  Division: ND
  Rank: Ally
  Join Date: 
  Created At: 2024-10-18T19:02:22.560Z
  Updated At: 2024-10-23T15:52:46.558Z

2024-10-25 07:26:44,064 - Record 69:
  Row ID: i-whE5THBe68
  ID Number: ND-19-9087
  Division: ND
  Rank: Crewman Recruit
  Join Date: 
  Created At: 2024-10-18T19:02:22.412Z
  Updated At: 2024-10-23T15:52:46.558Z

2024-10-25 07:26:44,064 - Record 70:
  Row ID: i-emZyaiGQV6
  ID Number: ND-19-7793
  Division: ND
  Rank: Crewman Recruit
  Join Date: 
  Created At: 2024-10-18T19:02:19.754Z
  Updated At: 2024-10-23T15:52:46.558Z

2024-10-25 07:26:44,064 - Record 71:
  Row ID: i-Xkt3a3-Z15
  ID Number: ND-17-3546
  Division: ND
  Rank: Crewman
  Join Date: 
  Created At: 2024-10-18T19:02:11.117Z
  Updated At: 2024-10-23T15:52:46.558Z

2024-10-25 07:26:44,064 - Record 72:
  Row ID: i-FCqKVlP4_d
  ID Number: ND-4-6042
  Division: ND
  Rank: Rear Admiral Lower Half
  Join Date: 
  Created At: 2024-10-18T19:02:10.019Z
  Updated At: 2024-10-18T19:02:10.019Z

2024-10-25 07:26:44,064 - Record 73:
  Row ID: i-e9OWnudFwx
  ID Number: ND-17-2673
  Division: ND
  Rank: Crewman
  Join Date: 
  Created At: 2024-10-18T19:02:09.875Z
  Updated At: 2024-10-23T15:52:46.558Z

2024-10-25 07:26:44,065 - Record 74:
  Row ID: i-oGeKpqtZ1q
  ID Number: ND-15-6258
  Division: ND
  Rank: Petty Officer 2nd Class
  Join Date: 
  Created At: 2024-10-18T19:02:09.684Z
  Updated At: 2024-10-23T15:52:46.558Z

2024-10-25 07:26:44,065 - Record 75:
  Row ID: i-a6LWyJemHf
  ID Number: ND-19-1854
  Division: ND
  Rank: Crewman Recruit
  Join Date: 
  Created At: 2024-10-18T19:02:09.483Z
  Updated At: 2024-10-23T15:52:46.558Z

2024-10-25 07:26:44,065 - Record 76:
  Row ID: i-p3_C7PNIgW
  ID Number: ND-16-8141
  Division: ND
  Rank: Petty Officer 3rd Class
  Join Date: 
  Created At: 2024-10-18T19:00:49.901Z
  Updated At: 2024-10-23T15:52:46.558Z

2024-10-25 07:26:44,065 - Record 77:
  Row ID: i-9Ug3I0OT1j
  ID Number: ND-16-7092
  Division: ND
  Rank: Petty Officer 3rd Class
  Join Date: 
  Created At: 2024-10-18T19:00:47.655Z
  Updated At: 2024-10-23T15:52:46.558Z

2024-10-25 07:26:44,065 - Record 78:
  Row ID: i-IQQVoeSezE
  ID Number: ND-19-8366
  Division: ND
  Rank: Crewman Recruit
  Join Date: 
  Created At: 2024-10-18T19:00:36.858Z
  Updated At: 2024-10-23T15:52:46.558Z

2024-10-25 07:26:44,066 - Record 79:
  Row ID: i-vtwE8vmssD
  ID Number: ND-19-5591
  Division: ND
  Rank: Crewman Recruit
  Join Date: 
  Created At: 2024-10-18T19:00:34.872Z
  Updated At: 2024-10-23T15:52:46.558Z

2024-10-25 07:26:44,066 - Record 80:
  Row ID: i-pol0pvkp5t
  ID Number: ND-21-0211
  Division: ND
  Rank: Associate
  Join Date: 
  Created At: 2024-10-18T19:00:29.144Z
  Updated At: 2024-10-23T15:52:46.558Z

2024-10-25 07:26:44,066 - Record 81:
  Row ID: i-WO8FigR3Cl
  ID Number: ND-19-8448
  Division: ND
  Rank: Crewman Recruit
  Join Date: 
  Created At: 2024-10-18T19:00:23.314Z
  Updated At: 2024-10-23T15:52:46.558Z

2024-10-25 07:26:44,066 - Record 82:
  Row ID: i-E-FtjwoMKo
  ID Number: ND-17-6974
  Division: ND
  Rank: Crewman
  Join Date: 
  Created At: 2024-10-18T19:00:23.150Z
  Updated At: 2024-10-23T15:52:46.558Z

2024-10-25 07:26:44,066 - Record 83:
  Row ID: i-lwB0gI0FuH
  ID Number: ND-19-5711
  Division: ND
  Rank: Crewman Recruit
  Join Date: 
  Created At: 2024-10-18T19:00:18.220Z
  Updated At: 2024-10-23T15:52:46.558Z

2024-10-25 07:26:44,066 - Record 84:
  Row ID: i--WzWhItoz2
  ID Number: ND-12-2457
  Division: ND
  Rank: Ensign
  Join Date: 
  Created At: 2024-10-18T19:00:10.747Z
  Updated At: 2024-10-23T15:52:46.558Z

2024-10-25 07:26:44,066 - Record 85:
  Row ID: i-XBTu2Rjs33
  ID Number: ND-17-2089
  Division: ND
  Rank: Crewman
  Join Date: 
  Created At: 2024-10-18T19:00:08.222Z
  Updated At: 2024-10-23T15:52:46.558Z

2024-10-25 07:26:44,067 - Record 86:
  Row ID: i-qp0oNFDgqD
  ID Number: ND-17-1537
  Division: ND
  Rank: Crewman
  Join Date: 
  Created At: 2024-10-18T19:00:07.573Z
  Updated At: 2024-10-23T15:52:46.558Z

2024-10-25 07:26:44,067 - Record 87:
  Row ID: i-LaKYHoAmHS
  ID Number: ND-12-1180
  Division: ND
  Rank: Ensign
  Join Date: 
  Created At: 2024-10-18T19:00:06.176Z
  Updated At: 2024-10-24T03:32:17.644Z

2024-10-25 07:26:44,067 - Record 88:
  Row ID: i-Im3nhRrbyX
  ID Number: ND-21-0246
  Division: ND
  Rank: Associate
  Join Date: 
  Created At: 2024-10-18T19:00:05.929Z
  Updated At: 2024-10-23T15:52:46.558Z

2024-10-25 07:26:44,067 - Record 89:
  Row ID: i--qcLrzFV0p
  ID Number: ND-12-6083
  Division: ND
  Rank: Ensign
  Join Date: 
  Created At: 2024-10-18T18:59:59.329Z
  Updated At: 2024-10-23T15:52:46.558Z

2024-10-25 07:26:44,067 - Record 90:
  Row ID: i-K2HBM1xgax
  ID Number: ND-16-7685
  Division: ND
  Rank: Petty Officer 3rd Class
  Join Date: 
  Created At: 2024-10-18T18:59:58.266Z
  Updated At: 2024-10-23T15:52:46.558Z

2024-10-25 07:26:44,068 - Record 91:
  Row ID: i-3ldG7ut7Cm
  ID Number: ND-19-6840
  Division: ND
  Rank: Crewman Recruit
  Join Date: 
  Created At: 2024-10-18T18:59:57.344Z
  Updated At: 2024-10-23T15:52:46.558Z

2024-10-25 07:26:44,068 - Record 92:
  Row ID: i-z8fIsljsGe
  ID Number: ND-19-8634
  Division: ND
  Rank: Crewman Recruit
  Join Date: 
  Created At: 2024-10-18T18:59:52.859Z
  Updated At: 2024-10-23T15:52:46.558Z

2024-10-25 07:26:44,068 - Record 93:
  Row ID: i-5gVEd7LpS5
  ID Number: ND-19-4632
  Division: ND
  Rank: Crewman Recruit
  Join Date: 
  Created At: 2024-10-18T18:59:51.941Z
  Updated At: 2024-10-23T15:52:46.558Z

2024-10-25 07:26:44,068 - Record 94:
  Row ID: i-hC8I3OUK1A
  ID Number: ND-19-0911
  Division: ND
  Rank: Crewman Recruit
  Join Date: 
  Created At: 2024-10-18T18:59:46.164Z
  Updated At: 2024-10-23T15:52:46.558Z

2024-10-25 07:26:44,068 - Record 95:
  Row ID: i-YHomtzI5Xe
  ID Number: ND-12-0869
  Division: ND
  Rank: Ensign
  Join Date: 
  Created At: 2024-10-18T18:59:45.272Z
  Updated At: 2024-10-23T15:52:46.558Z

2024-10-25 07:26:44,069 - Record 96:
  Row ID: i-WTEsSK-KYc
  ID Number: ND-19-1183
  Division: ND
  Rank: Crewman Recruit
  Join Date: 
  Created At: 2024-10-18T18:59:43.743Z
  Updated At: 2024-10-23T15:52:46.558Z

2024-10-25 07:26:44,069 - Record 97:
  Row ID: i-kpJ_Z5pZog
  ID Number: ND-19-2669
  Division: ND
  Rank: Crewman Recruit
  Join Date: 
  Created At: 2024-10-18T18:59:41.750Z
  Updated At: 2024-10-23T15:52:46.558Z

2024-10-25 07:26:44,069 - Record 98:
  Row ID: i-v9r7kKTPMu
  ID Number: ND-16-9506
  Division: ND
  Rank: Petty Officer 3rd Class
  Join Date: 
  Created At: 2024-10-18T18:59:41.157Z
  Updated At: 2024-10-24T03:32:55.388Z

2024-10-25 07:26:44,069 - Record 99:
  Row ID: i-3iIH-iCDzW
  ID Number: ND-19-1456
  Division: ND
  Rank: Crewman Recruit
  Join Date: 
  Created At: 2024-10-18T18:59:34.220Z
  Updated At: 2024-10-23T15:52:46.558Z

2024-10-25 07:26:44,070 - Record 100:
  Row ID: i-GVhhcePVTq
  ID Number: ND-21-0306
  Division: ND
  Rank: Associate
  Join Date: 
  Created At: 2024-10-18T18:59:33.297Z
  Updated At: 2024-10-23T15:52:46.558Z

2024-10-25 07:26:44,070 - Record 101:
  Row ID: i-TZpIWCIsL-
  ID Number: ND-16-4644
  Division: ND
  Rank: Petty Officer 3rd Class
  Join Date: 
  Created At: 2024-10-18T18:59:32.931Z
  Updated At: 2024-10-24T03:32:40.885Z

2024-10-25 07:26:44,070 - Record 102:
  Row ID: i-Sd9klF28FT
  ID Number: ND-15-9393
  Division: ND
  Rank: Petty Officer 2nd Class
  Join Date: 
  Created At: 2024-10-18T18:59:32.323Z
  Updated At: 2024-10-23T15:52:46.558Z

2024-10-25 07:26:44,071 - Record 103:
  Row ID: i-A9eml5QO2L
  ID Number: ND-16-1925
  Division: ND
  Rank: Petty Officer 3rd Class
  Join Date: 
  Created At: 2024-10-18T18:59:29.286Z
  Updated At: 2024-10-24T03:32:37.333Z

2024-10-25 07:26:44,071 - Record 104:
  Row ID: i-1Bnl42zptC
  ID Number: ND-19-9572
  Division: ND
  Rank: Crewman Recruit
  Join Date: 
  Created At: 2024-10-18T18:56:40.633Z
  Updated At: 2024-10-23T15:52:46.558Z

2024-10-25 07:26:44,071 - Record 105:
  Row ID: i-B3wABfgcE5
  ID Number: ND-17-0203
  Division: ND
  Rank: Crewman
  Join Date: 
  Created At: 2024-10-18T18:56:40.380Z
  Updated At: 2024-10-23T15:52:46.558Z

2024-10-25 07:26:44,071 - Record 106:
  Row ID: i-zZLsCZC7kP
  ID Number: ND-17-1677
  Division: ND
  Rank: Crewman
  Join Date: 
  Created At: 2024-10-18T18:56:39.403Z
  Updated At: 2024-10-23T15:52:46.558Z

2024-10-25 07:26:44,071 - Record 107:
  Row ID: i-HzijXQFmfS
  ID Number: ND-17-2995
  Division: ND
  Rank: Crewman
  Join Date: 
  Created At: 2024-10-18T18:56:38.586Z
  Updated At: 2024-10-24T03:33:05.566Z

2024-10-25 07:26:44,071 - Record 108:
  Row ID: i--JQ2YAVu-p
  ID Number: ND-7-6507
  Division: ND
  Rank: Captain
  Join Date: 
  Created At: 2024-10-18T18:56:34.831Z
  Updated At: 2024-10-24T03:31:59.153Z

2024-10-25 07:26:44,071 - Record 109:
  Row ID: i-LzOkG46_rM
  ID Number: ND-4-3685
  Division: ND
  Rank: Rear Admiral Lower Half
  Join Date: 
  Created At: 2024-10-18T18:56:28.091Z
  Updated At: 2024-10-18T18:56:28.091Z

2024-10-25 07:26:44,072 - Record 110:
  Row ID: i-LolpohiKn4
  ID Number: ND-16-4738
  Division: ND
  Rank: Petty Officer 3rd Class
  Join Date: 
  Created At: 2024-10-18T18:56:27.466Z
  Updated At: 2024-10-24T03:32:43.453Z

2024-10-25 07:26:44,072 - Record 111:
  Row ID: i-EaszzO2_s8
  ID Number: ND-17-6475
  Division: ND
  Rank: Crewman
  Join Date: 
  Created At: 2024-10-18T18:56:26.559Z
  Updated At: 2024-10-23T15:52:46.558Z

2024-10-25 07:26:44,072 - Record 112:
  Row ID: i-2lt5kW0jKP
  ID Number: ND-19-9221
  Division: ND
  Rank: Crewman Recruit
  Join Date: 
  Created At: 2024-10-18T18:56:15.374Z
  Updated At: 2024-10-23T15:52:46.558Z

2024-10-25 07:26:44,072 - Record 113:
  Row ID: i-qP1Gi0gztt
  ID Number: ND-19-1270
  Division: ND
  Rank: Crewman Recruit
  Join Date: 
  Created At: 2024-10-18T18:56:14.015Z
  Updated At: 2024-10-24T17:26:14.593Z

2024-10-25 07:26:44,072 - Record 114:
  Row ID: i-2Dkc9abLaH
  ID Number: ND-12-0512
  Division: ND
  Rank: Ensign
  Join Date: 
  Created At: 2024-10-18T18:56:12.076Z
  Updated At: 2024-10-23T15:52:46.558Z

2024-10-25 07:26:44,073 - Record 115:
  Row ID: i-BJxsz3GkLl
  ID Number: ND-21-0610
  Division: ND
  Rank: Associate
  Join Date: 
  Created At: 2024-10-18T18:55:56.071Z
  Updated At: 2024-10-23T15:52:46.558Z

2024-10-25 07:26:44,073 - Record 116:
  Row ID: i-3xDSiDJN1D
  ID Number: ND-19-6721
  Division: ND
  Rank: Crewman Recruit
  Join Date: 
  Created At: 2024-10-18T18:55:55.862Z
  Updated At: 2024-10-23T15:52:46.558Z

2024-10-25 07:26:44,073 - Record 117:
  Row ID: i-KXHu0S5T2l
  ID Number: ND-17-3401
  Division: ND
  Rank: Crewman
  Join Date: 
  Created At: 2024-10-18T18:55:50.361Z
  Updated At: 2024-10-23T15:52:46.558Z

2024-10-25 07:26:44,073 - Record 118:
  Row ID: i-szQmoGqafI
  ID Number: ND-16-7869
  Division: ND
  Rank: Petty Officer 3rd Class
  Join Date: 
  Created At: 2024-10-18T18:55:38.217Z
  Updated At: 2024-10-23T15:52:46.558Z

2024-10-25 07:26:44,073 - Record 119:
  Row ID: i-WWoI5hOC2N
  ID Number: ND-12-7186
  Division: ND
  Rank: Ensign
  Join Date: 
  Created At: 2024-10-18T18:55:29.921Z
  Updated At: 2024-10-23T15:52:46.558Z

2024-10-25 07:26:44,073 - Record 120:
  Row ID: i-AAiJgalA05
  ID Number: ND-19-6460
  Division: ND
  Rank: Crewman Recruit
  Join Date: 
  Created At: 2024-10-18T18:55:29.371Z
  Updated At: 2024-10-23T15:52:46.558Z

2024-10-25 07:26:44,074 - Record 121:
  Row ID: i-Bq1yPj70KU
  ID Number: ND-10-1670
  Division: ND
  Rank: Lieutenant
  Join Date: 
  Created At: 2024-10-18T18:55:28.759Z
  Updated At: 2024-10-23T15:52:46.558Z

2024-10-25 07:26:44,074 - Record 122:
  Row ID: i-yv6kMa2I1s
  ID Number: ND-19-5916
  Division: ND
  Rank: Crewman Recruit
  Join Date: 
  Created At: 2024-10-18T18:55:28.240Z
  Updated At: 2024-10-23T15:52:46.558Z

2024-10-25 07:26:44,074 - Record 123:
  Row ID: i-zcS30Po9uA
  ID Number: ND-19-8681
  Division: ND
  Rank: Crewman Recruit
  Join Date: 
  Created At: 2024-10-18T18:55:27.384Z
  Updated At: 2024-10-23T15:52:46.558Z

2024-10-25 07:26:44,074 - Record 124:
  Row ID: i-ANAqIRcdvB
  ID Number: ND-19-4346
  Division: ND
  Rank: Crewman Recruit
  Join Date: 
  Created At: 2024-10-18T18:51:31.557Z
  Updated At: 2024-10-23T15:52:46.558Z

2024-10-25 07:26:44,074 - Record 125:
  Row ID: i-IxGI70QqnE
  ID Number: ND-17-1024
  Division: ND
  Rank: Crewman
  Join Date: 
  Created At: 2024-10-18T18:51:30.457Z
  Updated At: 2024-10-23T15:52:46.558Z

2024-10-25 07:26:44,074 - Record 126:
  Row ID: i-Kmew_CbHQm
  ID Number: ND-19-2882
  Division: ND
  Rank: Crewman Recruit
  Join Date: 
  Created At: 2024-10-18T18:51:29.592Z
  Updated At: 2024-10-23T15:52:46.558Z

2024-10-25 07:26:44,074 - Record 127:
  Row ID: i-qD2SGTiWJU
  ID Number: ND-19-8933
  Division: ND
  Rank: Crewman Recruit
  Join Date: 
  Created At: 2024-10-18T18:51:28.634Z
  Updated At: 2024-10-23T15:52:46.558Z

2024-10-25 07:26:44,075 - Record 128:
  Row ID: i-hnhPoCwcs3
  ID Number: ND-19-6329
  Division: ND
  Rank: Crewman Recruit
  Join Date: 
  Created At: 2024-10-18T18:51:27.694Z
  Updated At: 2024-10-23T15:52:46.558Z

2024-10-25 07:26:44,075 - Record 129:
  Row ID: i-Zz0hkmOZK-
  ID Number: ND-17-4262
  Division: ND
  Rank: Crewman
  Join Date: 
  Created At: 2024-10-18T18:51:19.749Z
  Updated At: 2024-10-24T03:33:11.982Z

2024-10-25 07:26:44,075 - Record 130:
  Row ID: i-F8IVlTAKjj
  ID Number: ND-19-9991
  Division: ND
  Rank: Crewman Recruit
  Join Date: 
  Created At: 2024-10-18T18:51:18.926Z
  Updated At: 2024-10-23T15:52:46.558Z

2024-10-25 07:26:44,075 - Record 131:
  Row ID: i-hVvh3zrr9r
  ID Number: ND-19-7841
  Division: ND
  Rank: Crewman Recruit
  Join Date: 
  Created At: 2024-10-18T18:51:18.020Z
  Updated At: 2024-10-23T15:52:46.558Z

2024-10-25 07:26:44,075 - Record 132:
  Row ID: i-nLUEuezX25
  ID Number: ND-19-9792
  Division: ND
  Rank: Crewman Recruit
  Join Date: 
  Created At: 2024-10-18T18:51:17.374Z
  Updated At: 2024-10-23T15:52:46.558Z

2024-10-25 07:26:44,075 - Record 133:
  Row ID: i-n3SNg-Snn0
  ID Number: ND-16-9195
  Division: ND
  Rank: Petty Officer 3rd Class
  Join Date: 
  Created At: 2024-10-18T18:51:16.523Z
  Updated At: 2024-10-23T15:52:46.558Z

2024-10-25 07:26:44,076 - Record 134:
  Row ID: i-tVLNmEJTNa
  ID Number: ND-15-6533
  Division: ND
  Rank: Petty Officer 2nd Class
  Join Date: 
  Created At: 2024-10-18T18:51:08.359Z
  Updated At: 2024-10-23T15:52:46.558Z

2024-10-25 07:26:44,076 - Record 135:
  Row ID: i-SoHnCCDe0q
  ID Number: ND-12-9020
  Division: ND
  Rank: Ensign
  Join Date: 
  Created At: 2024-10-18T18:51:07.455Z
  Updated At: 2024-10-24T03:32:30.898Z

2024-10-25 07:26:44,076 - Record 136:
  Row ID: i-w3aE6vPOwC
  ID Number: ND-10-6026
  Division: ND
  Rank: Lieutenant
  Join Date: 
  Created At: 2024-10-18T18:51:06.746Z
  Updated At: 2024-10-23T15:52:46.558Z

2024-10-25 07:26:44,076 - Record 137:
  Row ID: i-DLI_7YQ_j1
  ID Number: ND-19-4415
  Division: ND
  Rank: Ally
  Join Date: 
  Created At: 2024-10-18T18:51:06.120Z
  Updated At: 2024-10-23T15:52:46.558Z

2024-10-25 07:26:44,076 - Record 138:
  Row ID: i-QR8O0NSFgf
  ID Number: ND-19-8834
  Division: Operations
  Rank: Petty Officer 3rd Class
  Join Date: 
  Created At: 2024-10-18T18:51:05.260Z
  Updated At: 2024-10-23T15:52:46.558Z

2024-10-25 07:26:44,076 - Record 139:
  Row ID: i-DmZ2A5TPrt
  ID Number: ND-12-3295
  Division: ND
  Rank: Ensign
  Join Date: 
  Created At: 2024-10-18T18:50:57.334Z
  Updated At: 2024-10-24T03:32:23.069Z

2024-10-25 07:26:44,077 - Record 140:
  Row ID: i-VZYcPczAwT
  ID Number: ND-19-4206
  Division: ND
  Rank: Crewman Recruit
  Join Date: 
  Created At: 2024-10-18T18:50:56.449Z
  Updated At: 2024-10-23T15:52:46.558Z

2024-10-25 07:26:44,077 - Record 141:
  Row ID: i-W-ETrN8PH6
  ID Number: ND-17-3954
  Division: ND
  Rank: Crewman
  Join Date: 
  Created At: 2024-10-18T18:50:56.292Z
  Updated At: 2024-10-23T15:52:46.558Z

2024-10-25 07:26:44,077 - Record 142:
  Row ID: i-UaE_pC3usG
  ID Number: ND-19-1206
  Division: ND
  Rank: Crewman Recruit
  Join Date: 
  Created At: 2024-10-18T18:50:55.501Z
  Updated At: 2024-10-24T03:33:20.839Z

2024-10-25 07:26:44,077 - Record 143:
  Row ID: i-NTKBfikmKA
  ID Number: ND-18-8082
  Division: ND
  Rank: Crewman Apprentice
  Join Date: 
  Created At: 2024-10-18T18:50:42.406Z
  Updated At: 2024-10-23T15:52:46.558Z

2024-10-25 07:26:44,077 - Record 144:
  Row ID: i-MIlrhol_UP
  ID Number: ND-10-7444
  Division: ND
  Rank: Lieutenant
  Join Date: 
  Created At: 2024-10-18T18:50:33.421Z
  Updated At: 2024-10-23T15:52:46.558Z

2024-10-25 07:26:44,077 - Record 145:
  Row ID: i-7IJXEHi1YK
  ID Number: ND-10-9516
  Division: ND
  Rank: Lieutenant
  Join Date: 
  Created At: 2024-10-18T18:50:32.764Z
  Updated At: 2024-10-24T03:32:13.014Z

2024-10-25 07:26:44,077 - Record 146:
  Row ID: i-VhHNnpY3Tp
  ID Number: ND-19-3318
  Division: ND
  Rank: Crewman Recruit
  Join Date: 
  Created At: 2024-10-18T18:50:32.562Z
  Updated At: 2024-10-23T15:52:46.558Z

2024-10-25 07:26:44,077 - Record 147:
  Row ID: i-YZWBs_uVi6
  ID Number: ND-19-5314
  Division: ND
  Rank: Crewman Recruit
  Join Date: 
  Created At: 2024-10-18T18:50:29.849Z
  Updated At: 2024-10-23T15:52:46.558Z

2024-10-25 07:26:44,078 - Record 148:
  Row ID: i-zPsD2Ay8Fq
  ID Number: ND-10-6416
  Division: ND
  Rank: Lieutenant
  Join Date: 
  Created At: 2024-10-18T18:50:25.977Z
  Updated At: 2024-10-23T15:52:46.558Z

2024-10-25 07:26:44,078 - Record 149:
  Row ID: i-lMGt3FR50y
  ID Number: ND-19-7491
  Division: ND
  Rank: Crewman Recruit
  Join Date: 
  Created At: 2024-10-18T18:50:22.353Z
  Updated At: 2024-10-23T15:52:46.558Z

2024-10-25 07:26:44,078 - Record 150:
  Row ID: i-hMM0LkM6If
  ID Number: ND-21-0349
  Division: ND
  Rank: Associate
  Join Date: 
  Created At: 2024-10-18T18:50:21.601Z
  Updated At: 2024-10-23T15:52:46.558Z

2024-10-25 07:26:44,078 - Record 151:
  Row ID: i-MRFmOpBQj-
  ID Number: ND-21-0569
  Division: ND
  Rank: Associate
  Join Date: 
  Created At: 2024-10-18T18:50:16.921Z
  Updated At: 2024-10-23T15:52:46.558Z

2024-10-25 07:26:44,078 - Record 152:
  Row ID: i-ShCc3_nBfT
  ID Number: ND-17-0237
  Division: ND
  Rank: Crewman
  Join Date: 
  Created At: 2024-10-18T18:50:16.091Z
  Updated At: 2024-10-23T15:52:46.558Z

2024-10-25 07:26:44,078 - Record 153:
  Row ID: i-i0LPCMaG_Q
  ID Number: ND-17-7565
  Division: ND
  Rank: Crewman
  Join Date: 
  Created At: 2024-10-18T18:50:15.391Z
  Updated At: 2024-10-23T15:52:46.558Z

2024-10-25 07:26:44,079 - Record 154:
  Row ID: i-LB_hNMoUzT
  ID Number: ND-12-7211
  Division: ND
  Rank: Ensign
  Join Date: 
  Created At: 2024-10-18T18:50:11.403Z
  Updated At: 2024-10-24T03:32:28.490Z

2024-10-25 07:26:44,079 - Record 155:
  Row ID: i-oOpazHwEQK
  ID Number: ND-19-7602
  Division: ND
  Rank: Crewman Recruit
  Join Date: 
  Created At: 2024-10-18T18:50:11.169Z
  Updated At: 2024-10-23T15:52:46.558Z

2024-10-25 07:26:44,079 - Record 156:
  Row ID: i-UtrVpt4Wq9
  ID Number: ND-21-0523
  Division: ND
  Rank: Associate
  Join Date: 
  Created At: 2024-10-18T18:50:05.566Z
  Updated At: 2024-10-23T15:52:46.558Z

2024-10-25 07:26:44,079 - Record 157:
  Row ID: i-Gd-iIXFX4D
  ID Number: ND-10-6199
  Division: ND
  Rank: Lieutenant
  Join Date: 
  Created At: 2024-10-18T18:50:04.884Z
  Updated At: 2024-10-23T15:52:46.558Z

2024-10-25 07:26:44,079 - Record 158:
  Row ID: i-qqrM5Tz-6l
  ID Number: ND-19-8390
  Division: ND
  Rank: Crewman Recruit
  Join Date: 
  Created At: 2024-10-18T18:50:04.070Z
  Updated At: 2024-10-23T15:52:46.558Z

2024-10-25 07:26:44,079 - Record 159:
  Row ID: i-DeBKIVfaUf
  ID Number: ND-8-0637
  Division: ND
  Rank: Commander
  Join Date: 
  Created At: 2024-10-18T18:50:00.705Z
  Updated At: 2024-10-23T15:52:46.558Z

2024-10-25 07:26:44,080 - Record 160:
  Row ID: i-avWpA-Q1Rz
  ID Number: ND-10-8543
  Division: ND
  Rank: Lieutenant
  Join Date: 
  Created At: 2024-10-18T18:50:00.495Z
  Updated At: 2024-10-24T03:32:10.625Z

2024-10-25 07:26:44,080 - Record 161:
  Row ID: i-SB4BepPlub
  ID Number: ND-18-5601
  Division: ND
  Rank: Crewman Apprentice
  Join Date: 
  Created At: 2024-10-18T18:49:54.815Z
  Updated At: 2024-10-23T15:52:46.558Z

2024-10-25 07:26:44,080 - Record 162:
  Row ID: i-QxrMklS7MZ
  ID Number: ND-19-6655
  Division: ND
  Rank: Crewman Recruit
  Join Date: 
  Created At: 2024-10-18T18:49:53.737Z
  Updated At: 2024-10-23T15:52:46.558Z

2024-10-25 07:26:44,080 - Record 163:
  Row ID: i-hc4Fw126kg
  ID Number: ND-19-2602
  Division: ND
  Rank: Crewman Recruit
  Join Date: 
  Created At: 2024-10-18T18:49:53.605Z
  Updated At: 2024-10-23T15:52:46.558Z

2024-10-25 07:26:44,080 - Record 164:
  Row ID: i-1DgEVsPuWE
  ID Number: ND-18-5012
  Division: ND
  Rank: Crewman Apprentice
  Join Date: 
  Created At: 2024-10-18T18:49:50.227Z
  Updated At: 2024-10-23T15:52:46.558Z

2024-10-25 07:26:44,080 - Record 165:
  Row ID: i-TO9A6nw6-U
  ID Number: ND-18-8461
  Division: Non-Division
  Rank: Crewman Apprentice
  Join Date: 
  Created At: 2024-10-18T18:49:49.467Z
  Updated At: 2024-10-24T15:01:46.836Z

2024-10-25 07:26:44,081 - Record 166:
  Row ID: i-55flFJbPIp
  ID Number: ND-19-1392
  Division: ND
  Rank: Crewman Recruit
  Join Date: 
  Created At: 2024-10-18T18:49:44.526Z
  Updated At: 2024-10-23T15:52:46.558Z

2024-10-25 07:26:44,081 - Record 167:
  Row ID: i-v625vBr_O-
  ID Number: ND-21-0313
  Division: ND
  Rank: Associate
  Join Date: 
  Created At: 2024-10-18T18:49:44.218Z
  Updated At: 2024-10-23T15:52:46.558Z

2024-10-25 07:26:44,081 - Record 168:
  Row ID: i-AqutSP3obn
  ID Number: ND-17-7120
  Division: ND
  Rank: Crewman
  Join Date: 
  Created At: 2024-10-18T18:49:41.949Z
  Updated At: 2024-10-23T15:52:46.558Z

2024-10-25 07:26:44,081 - Record 169:
  Row ID: i-zCfQj15SYx
  ID Number: ND-16-4507
  Division: ND
  Rank: Petty Officer 3rd Class
  Join Date: 
  Created At: 2024-10-18T18:49:40.319Z
  Updated At: 2024-10-23T15:52:46.558Z

2024-10-25 07:26:44,081 - Record 170:
  Row ID: i-BgzyHxa2Kp
  ID Number: ND-17-4868
  Division: ND
  Rank: Crewman
  Join Date: 
  Created At: 2024-10-18T18:49:40.149Z
  Updated At: 2024-10-23T15:52:46.558Z

2024-10-25 07:26:44,081 - Record 171:
  Row ID: i-l53YjxPC8p
  ID Number: ND-21-2191
  Division: ND
  Rank: Associate
  Join Date: 
  Created At: 2024-10-18T01:40:09.542Z
  Updated At: 2024-10-23T15:52:46.558Z

2024-10-25 07:26:44,082 - Record 172:
  Row ID: i-XSE0oQSXbx
  ID Number: ND-19-1387
  Division: ND
  Rank: Crewman Recruit
  Join Date: 
  Created At: 2024-10-15T13:46:30.050Z
  Updated At: 2024-10-23T15:52:46.558Z

2024-10-25 07:26:44,082 - Record 173:
  Row ID: i-op2qexGOJQ
  ID Number: ND-16-7030
  Division: ND
  Rank: Petty Officer 3rd Class
  Join Date: 
  Created At: 2024-10-07T05:31:35.679Z
  Updated At: 2024-10-23T15:52:46.558Z

2024-10-25 07:26:44,082 - Record 174:
  Row ID: i-iiukHayO3T
  ID Number: ND-21-1620
  Division: ND
  Rank: Associate
  Join Date: 
  Created At: 2024-10-07T03:15:40.412Z
  Updated At: 2024-10-23T15:52:46.558Z

2024-10-25 07:26:44,082 - Record 175:
  Row ID: i-6kccqAKPcd
  ID Number: ND-21-1892
  Division: ND
  Rank: Associate
  Join Date: 
  Created At: 2024-10-07T02:06:14.747Z
  Updated At: 2024-10-23T15:52:46.558Z

2024-10-25 07:26:44,082 - Record 176:
  Row ID: i-zh2KJ0ntzG
  ID Number: ND-19-0489
  Division: ND
  Rank: Crewman Recruit
  Join Date: 
  Created At: 2024-10-07T01:59:22.083Z
  Updated At: 2024-10-23T15:52:46.558Z

2024-10-25 07:26:44,083 - Record 177:
  Row ID: i-yFUExr4AET
  ID Number: ND-21-1638
  Division: ND
  Rank: Associate
  Join Date: 
  Created At: 2024-10-07T01:09:37.360Z
  Updated At: 2024-10-23T15:52:46.558Z

2024-10-25 07:26:44,083 - Record 178:
  Row ID: i-LKyFecV9kb
  ID Number: ND-21-2220
  Division: ND
  Rank: Associate
  Join Date: 
  Created At: 2024-10-06T22:33:52.734Z
  Updated At: 2024-10-23T15:52:46.558Z

2024-10-25 07:26:44,083 - Record 179:
  Row ID: i-tpSUk0Ot_v
  ID Number: ND-21-1849
  Division: ND
  Rank: Associate
  Join Date: 
  Created At: 2024-10-06T21:14:47.044Z
  Updated At: 2024-10-23T15:52:46.558Z

2024-10-25 07:26:44,083 - Record 180:
  Row ID: i-jrvqP2-ULw
  ID Number: ND-21-2041
  Division: ND
  Rank: Associate
  Join Date: 
  Created At: 2024-10-06T20:26:05.051Z
  Updated At: 2024-10-23T15:52:46.558Z

2024-10-25 07:26:44,083 - Record 181:
  Row ID: i-Bdy1Pz60RS
  ID Number: ND-17-5058
  Division: ND
  Rank: Crewman
  Join Date: 
  Created At: 2024-10-06T20:08:14.244Z
  Updated At: 2024-10-23T15:52:46.558Z

2024-10-25 07:26:44,083 - Record 182:
  Row ID: i-SApAC5nxf-
  ID Number: ND-16-6877
  Division: ND
  Rank: Petty Officer 3rd Class
  Join Date: 
  Created At: 2024-10-06T19:34:47.073Z
  Updated At: 2024-10-24T03:32:46.844Z

2024-10-25 07:26:44,083 - Record 183:
  Row ID: i-5aCWS1gZ5V
  ID Number: ND-21-4609
  Division: ND
  Rank: Associate
  Join Date: 
  Created At: 2024-10-06T18:53:32.838Z
  Updated At: 2024-10-23T15:52:46.558Z

2024-10-25 07:26:44,084 - Record 184:
  Row ID: i-UG2UMxpDBk
  ID Number: ND-21-3284
  Division: ND
  Rank: Associate
  Join Date: 
  Created At: 2024-10-06T18:52:58.087Z
  Updated At: 2024-10-23T15:52:46.558Z

2024-10-25 07:26:44,084 - Record 185:
  Row ID: i-8gyi3rpSTh
  ID Number: ND-19-0502
  Division: ND
  Rank: Crewman Recruit
  Join Date: 
  Created At: 2024-10-06T18:38:58.765Z
  Updated At: 2024-10-23T15:52:46.558Z

2024-10-25 07:26:44,084 - Record 186:
  Row ID: i-LH0I0fQwwb
  ID Number: ND-21-1945
  Division: ND
  Rank: Associate
  Join Date: 
  Created At: 2024-10-06T15:07:16.976Z
  Updated At: 2024-10-23T15:52:46.558Z

2024-10-25 07:26:44,084 - Record 187:
  Row ID: i-ToryO7SPY1
  ID Number: ND-21-2563
  Division: ND
  Rank: Associate
  Join Date: 
  Created At: 2024-10-06T00:01:14.576Z
  Updated At: 2024-10-23T15:52:46.558Z

2024-10-25 07:26:44,084 - Record 188:
  Row ID: i-cZGVOz5e-B
  ID Number: ND-21-2953
  Division: ND
  Rank: Associate
  Join Date: 
  Created At: 2024-10-05T23:57:00.101Z
  Updated At: 2024-10-23T15:52:46.558Z

2024-10-25 07:26:44,084 - Record 189:
  Row ID: i-FIxKAj_Dsz
  ID Number: ND-21-1434
  Division: ND
  Rank: Associate
  Join Date: 
  Created At: 2024-10-05T23:51:47.210Z
  Updated At: 2024-10-23T15:52:46.558Z

2024-10-25 07:26:44,085 - Record 190:
  Row ID: i-CxWSLr3X6r
  ID Number: ND-21-1694
  Division: ND
  Rank: Associate
  Join Date: 
  Created At: 2024-10-05T23:50:51.369Z
  Updated At: 2024-10-23T15:52:46.558Z

2024-10-25 07:26:44,085 - Record 191:
  Row ID: i-mEFitYWG_7
  ID Number: ND-21-5122
  Division: ND
  Rank: Associate
  Join Date: 
  Created At: 2024-10-04T23:13:50.291Z
  Updated At: 2024-10-23T15:52:46.558Z

2024-10-25 07:26:44,085 - Record 192:
  Row ID: i-Ne9lm_uSsw
  ID Number: ND-21-5903
  Division: ND
  Rank: Associate
  Join Date: 
  Created At: 2024-10-04T21:26:19.181Z
  Updated At: 2024-10-23T15:52:46.558Z

2024-10-25 07:26:44,085 - Record 193:
  Row ID: i-9fcfiZ_6ur
  ID Number: ND-21-0843
  Division: ND
  Rank: Associate
  Join Date: 
  Created At: 2024-10-04T16:21:29.210Z
  Updated At: 2024-10-23T15:52:46.558Z

2024-10-25 07:26:44,085 - Record 194:
  Row ID: i-ga3rr7enIc
  ID Number: ND-21-3579
  Division: ND
  Rank: Associate
  Join Date: 
  Created At: 2024-10-03T23:43:32.546Z
  Updated At: 2024-10-23T15:52:46.558Z

2024-10-25 07:26:44,085 - Record 195:
  Row ID: i-NfnXJ2vuVo
  ID Number: ND-21-5849
  Division: ND
  Rank: Associate
  Join Date: 
  Created At: 2024-10-03T21:30:44.579Z
  Updated At: 2024-10-23T15:52:46.558Z

2024-10-25 07:26:44,086 - Record 196:
  Row ID: i-v1C74Ski5I
  ID Number: ND-21-2032
  Division: ND
  Rank: Associate
  Join Date: 
  Created At: 2024-10-03T18:49:50.290Z
  Updated At: 2024-10-23T15:52:46.558Z

2024-10-25 07:26:44,086 - Record 197:
  Row ID: i-SYrfraPcRS
  ID Number: ND-21-5858
  Division: ND
  Rank: Associate
  Join Date: 
  Created At: 2024-10-03T18:26:19.876Z
  Updated At: 2024-10-23T15:52:46.558Z

2024-10-25 07:26:44,086 - Record 198:
  Row ID: i-EaWkVlHVNq
  ID Number: ND-21-5527
  Division: ND
  Rank: Associate
  Join Date: 
  Created At: 2024-10-03T17:39:45.346Z
  Updated At: 2024-10-23T15:52:46.558Z

2024-10-25 07:26:44,086 - Record 199:
  Row ID: i-pM3FsVvCdz
  ID Number: ND-21-3387
  Division: ND
  Rank: Associate
  Join Date: 
  Created At: 2024-10-03T14:32:17.101Z
  Updated At: 2024-10-23T15:52:46.558Z

2024-10-25 07:26:44,086 - Record 200:
  Row ID: i-UNNjGdKNNr
  ID Number: ND-21-2270
  Division: ND
  Rank: Associate
  Join Date: 
  Created At: 2024-10-03T13:45:33.067Z
  Updated At: 2024-10-23T15:52:46.558Z

2024-12-01 13:15:43,007 - 
Duplicate Records Found for User ID: 795556834655993897, Username: 
2024-12-01 13:15:43,007 - Record 1:
  Row ID: i-y_ModOCRDz
  Discord User ID: 795556834655993897
  Discord Username: lddrako
  ID Number: ND-21-8154
  Division: Non-Division
  Rank: Crewman Recruit
  Join Date: 2024-11-29
2024-12-01 13:15:43,007 - Record 2:
  Row ID: i-DkadcWxPU2
  Discord User ID: 795556834655993897
  Discord Username: lddrako
  ID Number: ND-23-3037
  Division: Non-Division
  Rank: Associate
  Join Date: 2024-11-29
