2024-10-29 07:33:19,868 - INFO - Survey submitted by hlngdj_67608 for Member.
2024-10-29 07:33:23,510 - WARNING - Attempt 1: Row i-uDE5l3ymzu not found. Retrying in 2 seconds...
2024-10-29 07:33:25,845 - WARNING - Attempt 2: Row i-uDE5l3ymzu not found. Retrying in 4 seconds...
2024-10-29 07:33:30,076 - WARNING - Attempt 3: Row i-uDE5l3ymzu not found. Retrying in 8 seconds...
2024-10-29 07:33:38,263 - WARNING - Attempt 4: Row i-uDE5l3ymzu not found. Retrying in 16 seconds...
2024-10-29 07:33:54,532 - INFO - Row i-uDE5l3ymzu successfully retrieved on attempt 5.
2024-10-29 07:33:55,288 - INFO - Assigned 'Non-Division' role to hlngdj_67608
2024-10-29 07:33:55,531 - INFO - Sent token DM to hlngdj_67608
2024-10-29 07:33:55,724 - INFO - Survey submission completed for hlngdj_67608
2024-10-29 18:46:58,669 - INFO - Survey submitted by dronepigeon for Member.
2024-10-29 18:47:02,487 - WARNING - Attempt 1: Row i-BUFx8yGDOS not found. Retrying in 2 seconds...
2024-10-29 18:47:04,678 - WARNING - Attempt 2: Row i-BUFx8yGDOS not found. Retrying in 4 seconds...
2024-10-29 18:47:08,892 - WARNING - Attempt 3: Row i-BUFx8yGDOS not found. Retrying in 8 seconds...
2024-10-29 18:47:17,076 - WARNING - Attempt 4: Row i-BUFx8yGDOS not found. Retrying in 16 seconds...
2024-10-29 18:47:33,883 - INFO - Row i-BUFx8yGDOS successfully retrieved on attempt 5.
2024-10-29 18:47:34,976 - INFO - Assigned 'Non-Division' role to dronepigeon
2024-10-29 18:47:35,246 - INFO - Sent token DM to dronepigeon
2024-10-29 18:47:35,448 - INFO - Survey submission completed for dronepigeon
2024-10-30 10:11:59,119 - INFO - Survey submitted by terraneeb for Associate.
2024-10-30 10:12:05,484 - WARNING - Attempt 1: Row i-nWWwILzcPx not found. Retrying in 2 seconds...
2024-10-30 10:12:07,617 - WARNING - Attempt 2: Row i-nWWwILzcPx not found. Retrying in 4 seconds...
2024-10-30 10:12:11,767 - WARNING - Attempt 3: Row i-nWWwILzcPx not found. Retrying in 8 seconds...
2024-10-30 10:12:19,936 - WARNING - Attempt 4: Row i-nWWwILzcPx not found. Retrying in 16 seconds...
2024-10-30 10:12:36,316 - INFO - Row i-nWWwILzcPx successfully retrieved on attempt 5.
2024-10-30 10:12:42,549 - INFO - Sent token DM to terraneeb
2024-10-30 10:12:42,836 - INFO - Survey submission completed for terraneeb
2024-10-30 20:32:07,730 - INFO - Survey submitted by lilithslightbearerlucifer for Member.
2024-10-30 20:32:11,188 - WARNING - Attempt 1: Row i-_ZwQtXv71b not found. Retrying in 2 seconds...
2024-10-30 20:32:13,362 - WARNING - Attempt 2: Row i-_ZwQtXv71b not found. Retrying in 4 seconds...
2024-10-30 20:32:19,759 - INFO - Row i-_ZwQtXv71b successfully retrieved on attempt 3.
2024-10-30 20:32:20,433 - INFO - Sent token DM to lilithslightbearerlucifer
2024-10-30 20:32:20,615 - INFO - Survey submission completed for lilithslightbearerlucifer
2024-11-02 18:39:45,915 - INFO - Survey submitted by sadpluslonely for Associate.
2024-11-02 18:39:48,895 - WARNING - Attempt 1: Row i-4wlYqh-dyo not found. Retrying in 2 seconds...
2024-11-02 18:39:51,031 - WARNING - Attempt 2: Row i-4wlYqh-dyo not found. Retrying in 4 seconds...
2024-11-02 18:39:55,216 - WARNING - Attempt 3: Row i-4wlYqh-dyo not found. Retrying in 8 seconds...
2024-11-02 18:40:03,443 - INFO - Row i-4wlYqh-dyo successfully retrieved on attempt 4.
2024-11-02 18:40:04,217 - INFO - Assigned 'Associate' role to sadpluslonely
2024-11-02 18:40:04,546 - INFO - Updated nickname for sadpluslonely to 'ASC sadpluslonely'
2024-11-02 18:40:04,739 - INFO - Sent token DM to sadpluslonely
2024-11-02 18:40:04,957 - INFO - Survey submission completed for sadpluslonely
2024-11-07 20:00:16,346 - INFO - Survey submitted by durnk for Associate.
2024-11-07 20:00:22,647 - WARNING - Attempt 1: Row i-res9U8xjQS not found. Retrying in 2 seconds...
2024-11-07 20:00:24,834 - WARNING - Attempt 2: Row i-res9U8xjQS not found. Retrying in 4 seconds...
2024-11-07 20:00:28,964 - WARNING - Attempt 3: Row i-res9U8xjQS not found. Retrying in 8 seconds...
2024-11-07 20:00:37,266 - INFO - Row i-res9U8xjQS successfully retrieved on attempt 4.
2024-11-07 20:00:38,126 - INFO - Assigned 'Associate' role to durnk
2024-11-07 20:00:38,400 - INFO - Updated nickname for durnk to 'ASC durnk'
2024-11-07 20:00:38,682 - INFO - Sent token DM to durnk
2024-11-07 20:00:38,904 - INFO - Survey submission completed for durnk
2024-11-08 19:51:02,830 - INFO - Survey submitted by purpleninjasmoke for Associate.
2024-11-08 19:51:06,448 - WARNING - Attempt 1: Row i--zYmwMp7_2 not found. Retrying in 2 seconds...
2024-11-08 19:51:08,589 - WARNING - Attempt 2: Row i--zYmwMp7_2 not found. Retrying in 4 seconds...
2024-11-08 19:51:12,730 - WARNING - Attempt 3: Row i--zYmwMp7_2 not found. Retrying in 8 seconds...
2024-11-08 19:51:22,499 - INFO - Row i--zYmwMp7_2 successfully retrieved on attempt 4.
2024-11-08 19:51:23,213 - INFO - Assigned 'Associate' role to purpleninjasmoke
2024-11-08 19:51:23,483 - INFO - Updated nickname for purpleninjasmoke to 'ASC purpleninjasmoke'
2024-11-08 19:51:23,691 - INFO - Sent token DM to purpleninjasmoke
2024-11-08 19:51:23,876 - INFO - Survey submission completed for purpleninjasmoke
2024-11-10 09:35:08,336 - INFO - Survey submitted by diesel0618 for Member.
2024-11-10 09:35:13,179 - WARNING - Attempt 1: Row i-Q3Idd2B_iM not found. Retrying in 2 seconds...
2024-11-10 09:35:15,321 - WARNING - Attempt 2: Row i-Q3Idd2B_iM not found. Retrying in 4 seconds...
2024-11-10 09:35:22,583 - INFO - Row i-Q3Idd2B_iM successfully retrieved on attempt 3.
2024-11-10 09:35:23,100 - INFO - Sent token DM to diesel0618
2024-11-10 09:35:23,325 - INFO - Survey submission completed for diesel0618
2024-11-15 16:03:22,419 - INFO - Survey submitted by morax64 for Member.
2024-11-15 16:03:25,568 - WARNING - Attempt 1: Row i-7_FUZHFJhH not found. Retrying in 2 seconds...
2024-11-15 16:03:27,750 - WARNING - Attempt 2: Row i-7_FUZHFJhH not found. Retrying in 4 seconds...
2024-11-15 16:03:31,904 - WARNING - Attempt 3: Row i-7_FUZHFJhH not found. Retrying in 8 seconds...
2024-11-15 16:03:40,137 - INFO - Row i-7_FUZHFJhH successfully retrieved on attempt 4.
2024-11-15 16:03:41,781 - INFO - Sent token DM to morax64
2024-11-15 16:03:42,078 - INFO - Survey submission completed for morax64
2024-11-16 00:16:23,328 - INFO - Survey submitted by fragment670 for Member.
2024-11-16 00:16:27,614 - WARNING - Attempt 1: Row i-V02j29AuKT not found. Retrying in 2 seconds...
2024-11-16 00:16:29,753 - WARNING - Attempt 2: Row i-V02j29AuKT not found. Retrying in 4 seconds...
2024-11-16 00:16:33,899 - WARNING - Attempt 3: Row i-V02j29AuKT not found. Retrying in 8 seconds...
2024-11-16 00:16:42,140 - INFO - Row i-V02j29AuKT successfully retrieved on attempt 4.
2024-11-16 00:16:43,555 - INFO - Sent token DM to fragment670
2024-11-16 00:16:43,855 - INFO - Survey submission completed for fragment670
2024-11-16 00:47:02,566 - INFO - Survey submitted by hlngdj_67608 for Member.
2024-11-16 00:47:05,981 - WARNING - Attempt 1: Row i-FApfoyme_I not found. Retrying in 2 seconds...
2024-11-16 00:47:08,135 - WARNING - Attempt 2: Row i-FApfoyme_I not found. Retrying in 4 seconds...
2024-11-16 00:47:12,418 - INFO - Row i-FApfoyme_I successfully retrieved on attempt 3.
2024-11-16 00:47:14,155 - INFO - Sent token DM to hlngdj_67608
2024-11-16 00:47:14,391 - INFO - Survey submission completed for hlngdj_67608
2024-11-16 06:24:58,849 - INFO - Survey submitted by soep1 for Associate.
2024-11-16 06:25:03,131 - WARNING - Attempt 1: Row i-rfDNWYZ9yO not found. Retrying in 2 seconds...
2024-11-16 06:25:05,510 - WARNING - Attempt 2: Row i-rfDNWYZ9yO not found. Retrying in 4 seconds...
2024-11-16 06:25:09,756 - WARNING - Attempt 3: Row i-rfDNWYZ9yO not found. Retrying in 8 seconds...
2024-11-16 06:25:17,936 - WARNING - Attempt 4: Row i-rfDNWYZ9yO not found. Retrying in 16 seconds...
2024-11-16 06:25:34,334 - INFO - Row i-rfDNWYZ9yO successfully retrieved on attempt 5.
2024-11-16 06:25:35,131 - INFO - Assigned 'Associate' role to soep1
2024-11-16 06:25:35,450 - INFO - Updated nickname for soep1 to 'ASC soep1'
2024-11-16 06:25:35,712 - INFO - Sent token DM to soep1
2024-11-16 06:25:35,890 - INFO - Survey submission completed for soep1
2024-11-16 07:18:33,388 - INFO - Survey submitted by stayzero_actual for Associate.
2024-11-16 07:18:37,717 - WARNING - Attempt 1: Row i-irj57rRcUW not found. Retrying in 2 seconds...
2024-11-16 07:18:39,894 - WARNING - Attempt 2: Row i-irj57rRcUW not found. Retrying in 4 seconds...
2024-11-16 07:18:44,070 - WARNING - Attempt 3: Row i-irj57rRcUW not found. Retrying in 8 seconds...
2024-11-16 07:18:53,846 - WARNING - Attempt 4: Row i-irj57rRcUW not found. Retrying in 16 seconds...
2024-11-16 07:19:10,292 - INFO - Row i-irj57rRcUW successfully retrieved on attempt 5.
2024-11-16 07:19:11,062 - INFO - Assigned 'Associate' role to stayzero_actual
2024-11-16 07:19:11,335 - INFO - Updated nickname for stayzero_actual to 'ASC stayzero_actual'
2024-11-16 07:19:11,682 - INFO - Sent token DM to stayzero_actual
2024-11-16 07:19:11,890 - INFO - Survey submission completed for stayzero_actual
2024-11-16 10:33:18,496 - INFO - Survey submitted by blinkz125 for Member.
2024-11-16 10:33:21,428 - WARNING - Attempt 1: Row i-YqgoGixLzz not found. Retrying in 2 seconds...
2024-11-16 10:33:25,787 - WARNING - Attempt 2: Row i-YqgoGixLzz not found. Retrying in 4 seconds...
2024-11-16 10:33:30,014 - WARNING - Attempt 3: Row i-YqgoGixLzz not found. Retrying in 8 seconds...
2024-11-16 10:33:38,280 - INFO - Row i-YqgoGixLzz successfully retrieved on attempt 4.
2024-11-16 10:33:39,007 - INFO - Sent token DM to blinkz125
2024-11-16 10:33:39,183 - INFO - Survey submission completed for blinkz125
2024-11-16 19:48:22,447 - INFO - Survey submitted by altezrael224 for Associate.
2024-11-16 19:48:25,365 - WARNING - Attempt 1: Row i-HKub_OezFN not found. Retrying in 2 seconds...
2024-11-16 19:48:27,582 - WARNING - Attempt 2: Row i-HKub_OezFN not found. Retrying in 4 seconds...
2024-11-16 19:48:31,766 - WARNING - Attempt 3: Row i-HKub_OezFN not found. Retrying in 8 seconds...
2024-11-16 19:48:40,071 - INFO - Row i-HKub_OezFN successfully retrieved on attempt 4.
2024-11-16 19:48:40,637 - INFO - Assigned 'Associate' role to altezrael224
2024-11-16 19:48:40,914 - INFO - Updated nickname for altezrael224 to 'ASC altezrael224'
2024-11-16 19:48:41,117 - INFO - Sent token DM to altezrael224
2024-11-16 19:48:41,413 - INFO - Survey submission completed for altezrael224
2024-11-16 21:43:03,090 - INFO - Survey submitted by furtivepigmyeasilyforgotten for Member.
2024-11-16 21:43:05,987 - WARNING - Attempt 1: Row i-_Y4zSywtS8 not found. Retrying in 2 seconds...
2024-11-16 21:43:08,295 - WARNING - Attempt 2: Row i-_Y4zSywtS8 not found. Retrying in 4 seconds...
2024-11-16 21:43:12,545 - INFO - Row i-_Y4zSywtS8 successfully retrieved on attempt 3.
2024-11-16 21:43:12,964 - INFO - Sent token DM to furtivepigmyeasilyforgotten
2024-11-16 21:43:13,167 - INFO - Survey submission completed for furtivepigmyeasilyforgotten
2024-11-17 15:43:02,276 - INFO - Survey submitted by winz007 for Member.
2024-11-17 15:43:05,151 - WARNING - Attempt 1: Row i-MKgY5zr-7J not found. Retrying in 2 seconds...
2024-11-17 15:43:07,285 - WARNING - Attempt 2: Row i-MKgY5zr-7J not found. Retrying in 4 seconds...
2024-11-17 15:43:11,423 - WARNING - Attempt 3: Row i-MKgY5zr-7J not found. Retrying in 8 seconds...
2024-11-17 15:43:19,592 - INFO - Row i-MKgY5zr-7J successfully retrieved on attempt 4.
2024-11-17 15:43:20,258 - INFO - Sent token DM to winz007
2024-11-17 15:43:20,561 - INFO - Survey submission completed for winz007
2024-11-17 16:09:21,382 - INFO - Survey submitted by aphid22 for Associate.
2024-11-17 16:09:25,581 - WARNING - Attempt 1: Row i-_zloWafhWe not found. Retrying in 2 seconds...
2024-11-17 16:09:27,714 - WARNING - Attempt 2: Row i-_zloWafhWe not found. Retrying in 4 seconds...
2024-11-17 16:09:31,848 - WARNING - Attempt 3: Row i-_zloWafhWe not found. Retrying in 8 seconds...
2024-11-17 16:09:40,420 - WARNING - Attempt 4: Row i-_zloWafhWe not found. Retrying in 16 seconds...
2024-11-17 16:09:56,753 - INFO - Row i-_zloWafhWe successfully retrieved on attempt 5.
2024-11-17 16:09:57,523 - INFO - Assigned 'Associate' role to aphid22
2024-11-17 16:09:57,759 - INFO - Updated nickname for aphid22 to 'ASC aphid22'
2024-11-17 16:09:57,960 - INFO - Sent token DM to aphid22
2024-11-17 16:09:58,169 - INFO - Survey submission completed for aphid22
2024-11-18 02:45:33,791 - INFO - Survey submitted by caydenpenner for Member.
2024-11-18 02:45:37,747 - WARNING - Attempt 1: Row i-LHCnwsdD41 not found. Retrying in 2 seconds...
2024-11-18 02:45:39,874 - WARNING - Attempt 2: Row i-LHCnwsdD41 not found. Retrying in 4 seconds...
2024-11-18 02:45:44,036 - WARNING - Attempt 3: Row i-LHCnwsdD41 not found. Retrying in 8 seconds...
2024-11-18 02:45:52,252 - INFO - Row i-LHCnwsdD41 successfully retrieved on attempt 4.
2024-11-18 02:45:52,949 - INFO - Sent token DM to caydenpenner
2024-11-18 02:45:53,133 - INFO - Survey submission completed for caydenpenner
2024-11-19 21:03:53,926 - INFO - Survey submitted by jezrien1911 for Member.
2024-11-19 21:03:58,674 - WARNING - Attempt 1: Row i-zOUf4u388O not found. Retrying in 2 seconds...
2024-11-19 21:04:02,721 - WARNING - Attempt 2: Row i-zOUf4u388O not found. Retrying in 4 seconds...
2024-11-19 21:04:07,134 - WARNING - Attempt 3: Row i-zOUf4u388O not found. Retrying in 8 seconds...
2024-11-19 21:04:15,269 - WARNING - Attempt 4: Row i-zOUf4u388O not found. Retrying in 16 seconds...
2024-11-19 21:04:31,686 - INFO - Row i-zOUf4u388O successfully retrieved on attempt 5.
2024-11-19 21:04:32,628 - INFO - Sent token DM to jezrien1911
2024-11-19 21:04:32,894 - INFO - Survey submission completed for jezrien1911
2024-11-20 20:07:00,853 - INFO - Survey submitted by whatisabingus for Associate.
2024-11-20 20:07:03,749 - WARNING - Attempt 1: Row i-UlBYLcryGY not found. Retrying in 2 seconds...
2024-11-20 20:07:05,888 - WARNING - Attempt 2: Row i-UlBYLcryGY not found. Retrying in 4 seconds...
2024-11-20 20:07:10,045 - WARNING - Attempt 3: Row i-UlBYLcryGY not found. Retrying in 8 seconds...
2024-11-20 20:07:18,172 - WARNING - Attempt 4: Row i-UlBYLcryGY not found. Retrying in 16 seconds...
2024-11-20 20:07:34,649 - INFO - Row i-UlBYLcryGY successfully retrieved on attempt 5.
2024-11-20 20:07:35,409 - INFO - Assigned 'Associate' role to whatisabingus
2024-11-20 20:07:35,691 - INFO - Updated nickname for whatisabingus to 'ASC whatisabingus'
2024-11-20 20:07:35,973 - INFO - Sent token DM to whatisabingus
2024-11-20 20:07:36,163 - INFO - Survey submission completed for whatisabingus
2024-11-21 23:57:38,246 - INFO - Survey submitted by novacatz for Member.
2024-11-21 23:57:42,527 - WARNING - Attempt 1: Row i-NGOQ4H23lK not found. Retrying in 2 seconds...
2024-11-21 23:57:44,698 - WARNING - Attempt 2: Row i-NGOQ4H23lK not found. Retrying in 4 seconds...
2024-11-21 23:57:48,866 - WARNING - Attempt 3: Row i-NGOQ4H23lK not found. Retrying in 8 seconds...
2024-11-21 23:57:56,996 - WARNING - Attempt 4: Row i-NGOQ4H23lK not found. Retrying in 16 seconds...
2024-11-21 23:58:13,362 - INFO - Row i-NGOQ4H23lK successfully retrieved on attempt 5.
2024-11-21 23:58:13,852 - INFO - Sent token DM to novacatz
2024-11-21 23:58:14,067 - INFO - Survey submission completed for novacatz
2024-11-24 20:30:30,591 - INFO - Survey submitted by averageclussyenjoyer for Member.
2024-11-24 20:30:30,592 - ERROR - An unexpected error occurred during survey submission: 'OnboardingCog' object has no attribute 'get_division_code'
2024-11-24 20:31:13,814 - INFO - Survey submitted by averageclussyenjoyer for Member.
2024-11-24 20:31:13,814 - ERROR - An unexpected error occurred during survey submission: 'OnboardingCog' object has no attribute 'get_division_code'
2024-11-24 20:33:15,925 - INFO - Survey submitted by averageclussyenjoyer for Associate.
2024-11-24 20:33:15,925 - ERROR - An unexpected error occurred during survey submission: 'OnboardingCog' object has no attribute 'get_division_code'
2024-11-24 20:51:48,760 - INFO - Survey submitted by averageclussyenjoyer for Member.
2024-11-24 20:51:48,761 - ERROR - An unexpected error occurred during survey submission: 'OnboardingCog' object has no attribute 'get_division_code'
2024-11-25 10:03:24,976 - INFO - Survey submitted by tommy_b for Member.
2024-11-25 10:03:24,977 - ERROR - An unexpected error occurred during survey submission: 'OnboardingCog' object has no attribute 'generate_unique_id'
2024-11-25 11:01:07,819 - INFO - Survey submitted by hlngdj_67608 for <coroutine object OnboardingCog.get_member_type_from_row_id at 0x708e67d77840>.
2024-11-25 11:01:08,629 - ERROR - Row Member not found for hlngdj_67608.
2024-11-25 11:54:15,716 - DEBUG - Initializing OnboardingSurveyModal with row_id: i-joc24W2vKx, member_type: Member
2024-11-25 11:54:20,592 - INFO - Survey submitted by hlngdj_67608 for Member.
2024-11-25 11:54:20,974 - ERROR - Row i-joc24W2vKx not found for hlngdj_67608.
