2024-12-26 07:02:03,518 - profile - INFO - Initializing ProfileCog with enhanced features
2024-12-26 07:02:03,813 - profile - INFO - Fetched 31 column IDs
2024-12-26 07:02:03,917 - profile - INFO - ProfileCog loaded successfully
2024-12-26 07:02:03,917 - profile - INFO - ProfileCog has been added to the bot
2024-12-26 07:08:54,567 - profile - INFO - ProfileCog unloaded
2024-12-26 07:08:57,741 - profile - INFO - Initializing ProfileCog with enhanced features
2024-12-26 07:08:57,948 - profile - INFO - Fetched 31 column IDs
2024-12-26 07:08:58,043 - profile - INFO - ProfileCog loaded successfully
2024-12-26 07:08:58,044 - profile - INFO - ProfileCog has been added to the bot
2024-12-26 07:11:49,281 - profile - INFO - ProfileCog unloaded
2024-12-26 07:11:53,277 - profile - INFO - Initializing ProfileCog with enhanced features
2024-12-26 07:11:53,531 - profile - INFO - Fetched 31 column IDs
2024-12-26 07:11:53,622 - profile - INFO - ProfileCog loaded successfully
2024-12-26 07:11:53,623 - profile - INFO - ProfileCog has been added to the bot
2024-12-26 07:15:40,860 - profile - INFO - ProfileCog unloaded
2024-12-26 07:15:44,032 - profile - INFO - Initializing ProfileCog with enhanced features
2024-12-26 07:15:44,335 - profile - INFO - Fetched 31 column IDs
2024-12-26 07:15:44,518 - profile - INFO - ProfileCog loaded successfully
2024-12-26 07:15:44,518 - profile - INFO - ProfileCog has been added to the bot
2024-12-26 07:17:10,977 - profile - INFO - ProfileCog unloaded
2024-12-26 07:17:14,187 - profile - INFO - Initializing ProfileCog with enhanced features
2024-12-26 07:17:14,431 - profile - INFO - Fetched 31 column IDs
2024-12-26 07:17:14,529 - profile - INFO - ProfileCog loaded successfully
2024-12-26 07:17:14,529 - profile - INFO - ProfileCog has been added to the bot
2024-12-26 07:17:54,673 - profile - DEBUG - Profile requested for 330171394019033099 by 330171394019033099
2024-12-26 07:17:55,101 - profile - ERROR - Invalid profile data for user 330171394019033099: 10 validation errors for ProfileData
id_number
  Field required [type=missing, input_value={'ID Number': 'HQ-1-0001'...: '', 'Eval_Period': ''}, input_type=dict]
    For further information visit https://errors.pydantic.dev/2.10/v/missing
discord_username
  Field required [type=missing, input_value={'ID Number': 'HQ-1-0001'...: '', 'Eval_Period': ''}, input_type=dict]
    For further information visit https://errors.pydantic.dev/2.10/v/missing
discord_user_id
  Field required [type=missing, input_value={'ID Number': 'HQ-1-0001'...: '', 'Eval_Period': ''}, input_type=dict]
    For further information visit https://errors.pydantic.dev/2.10/v/missing
division
  Field required [type=missing, input_value={'ID Number': 'HQ-1-0001'...: '', 'Eval_Period': ''}, input_type=dict]
    For further information visit https://errors.pydantic.dev/2.10/v/missing
rank
  Field required [type=missing, input_value={'ID Number': 'HQ-1-0001'...: '', 'Eval_Period': ''}, input_type=dict]
    For further information visit https://errors.pydantic.dev/2.10/v/missing
awards
  Field required [type=missing, input_value={'ID Number': 'HQ-1-0001'...: '', 'Eval_Period': ''}, input_type=dict]
    For further information visit https://errors.pydantic.dev/2.10/v/missing
certifications
  Field required [type=missing, input_value={'ID Number': 'HQ-1-0001'...: '', 'Eval_Period': ''}, input_type=dict]
    For further information visit https://errors.pydantic.dev/2.10/v/missing
specialization
  Field required [type=missing, input_value={'ID Number': 'HQ-1-0001'...: '', 'Eval_Period': ''}, input_type=dict]
    For further information visit https://errors.pydantic.dev/2.10/v/missing
join_date
  Field required [type=missing, input_value={'ID Number': 'HQ-1-0001'...: '', 'Eval_Period': ''}, input_type=dict]
    For further information visit https://errors.pydantic.dev/2.10/v/missing
status
  Field required [type=missing, input_value={'ID Number': 'HQ-1-0001'...: '', 'Eval_Period': ''}, input_type=dict]
    For further information visit https://errors.pydantic.dev/2.10/v/missing
2024-12-26 07:17:55,503 - profile - INFO - Successfully displayed profile for 330171394019033099
